2025-04-17 08:52:22,045 - INFO - Fetched member list for period 22, list is  
 ************ 
 



TBMM 22. dönem milletvekilleri listesi - Vikipedi




































İçeriğe atla







Ana menü





Ana menü
kenar çubuğuna taşı
gizle



		Gezinti
	


AnasayfaHakkımızdaİçindekilerRastgele maddeSeçkin içerikYakınımdakiler





		Katılım
	


Deneme tahtasıKöy çeşmesiSon değişikliklerDosya yükleTopluluk portaliWikimedia dükkânıYardımÖzel sayfalar



















Ara











Ara






















Görünüm
















Bağış yapın

Hesap oluştur

Oturum aç








Kişisel araçlar





Bağış yapın Hesap oluştur Oturum aç





		Çıkış yapmış editörler için sayfalar daha fazla bilgi



KatkılarMesaj




























İçindekiler
kenar çubuğuna taşı
gizle




Giriş





1
Sandalye dağılımı








2
Milletvekilleri








3
Kaynakça


















İçindekiler tablosunu değiştir







TBMM 22. dönem milletvekilleri listesi



1 dil




English

Bağlantıları değiştir











MaddeTartışma





Türkçe

















OkuDeğiştirKaynağı değiştirGeçmişi gör







Araçlar





Araçlar
kenar çubuğuna taşı
gizle



		Eylemler
	


OkuDeğiştirKaynağı değiştirGeçmişi gör





		Genel
	


Sayfaya bağlantılarİlgili değişikliklerKalıcı bağlantıSayfa bilgisiBu sayfayı kaynak gösterKısaltılmış URL'yi alKarekodu indir





		Yazdır/dışa aktar
	


Bir kitap oluşturPDF olarak indirBasılmaya uygun görünüm





		Diğer projelerde
	


Vikiveri ögesi





















Görünüm
kenar çubuğuna taşı
gizle










Vikipedi, özgür ansiklopedi


22. Dönem Milletvekili Dağılımı
TBMM 22. dönem milletvekilleri listesi, Türkiye Büyük Millet Meclisinin 22. döneminde (14 Kasım 2002 - 3 Haziran 2007) görev yapan, 2002'de seçilen, milletvekillerinin listesidir.

Sandalye dağılımı[değiştir | kaynağı değiştir]


Siyasi parti

Seçilen

Dönem sonu

Değişim



Adalet ve Kalkınma Partisi
363
354
 9



Cumhuriyet Halk Partisi
178
158
 20



Anavatan Partisi
0
19
 19



Doğru Yol Partisi
0
4
 4



Genç Parti
0
1
 1



Halkın Yükselişi Partisi
0
1
 1



Bağımsız
9
13
 4


Toplam
550
550


Milletvekilleri[değiştir | kaynağı değiştir]


Seçim Bölgesi
Milletvekili
Siyasi Parti
Değişiklik


Adana
Abdullah Çalışkan

Adalet ve Kalkınma Partisi


Ömer Çelik


Recep Garip


Ali Küçükaydın


Vahit Kirişci


Ayhan Zeynep Tekin Börü


Abdullah Torun


Ziyaettin Yağcı


Nevin Gaye Erbatur

Cumhuriyet Halk Partisi


Uğur Aksöz


Atilla Başoğlu

Adalet ve Kalkınma Partisi


Kemal Sağ


Tacidar Seyhan


Mehmet Ziya Yergök





Adıyaman
Mahmut Göksu

Adalet ve Kalkınma Partisi


Fehmi Hüsrev Kutlu


Mehmet Özyol


Ahmet Faruk Ünsal


Şevket Gürsoy

Cumhuriyet Halk Partisi

Adalet ve Kalkınma Partisi





Afyonkarahisar
Sait Açba

Adalet ve Kalkınma Partisi


İbrahim Hakkı Aşkar

Bağımsız


Halil Aydoğan


Ahmet Koca


Mahmut Koçak

Anavatan Partisi


Reyhan Tugay


Halil Ünlütepe

Cumhuriyet Halk Partisi





Ağrı
Mehmet Kerim Yıldız

Adalet ve Kalkınma Partisi


Mehmet Melik Özmen

Ölüm


Halil Özyolcu


Naci Aslan

Cumhuriyet Halk Partisi

Adalet ve Kalkınma Partisi


Cemal Kaya

Cumhuriyet Halk Partisi



Milletvekilliğinden istifa





Aksaray
Ruhi Açıkgöz

Adalet ve Kalkınma Partisi


Ali Rıza Alaboyun


Ramazan Toprak


Ahmet Yaşar





Amasya
Hamza Albayrak

Adalet ve Kalkınma Partisi



Anavatan Partisi


Akif Gülle


Mustafa Sayar

Cumhuriyet Halk Partisi

Bağımsız





Ankara
Cemil Çiçek

Adalet ve Kalkınma Partisi


Beşir Atalay


Ali Babacan


İsmail Alptekin


Reha Denemeç


Bülent Gedikli


Haluk İpek


Salih Kapusuz


Telat Karapınar


Faruk Koca


Ersönmez Yarbay


Mustafa Sait Yazıcıoğlu


Mehmet Zekai Özcan


Remziye Öztoprak


Eyyüp Sanay


Nur Doğan Topaloğlu


Mustafa Tuna


Önder Sav

Cumhuriyet Halk Partisi


Oya Araslı


Yılmaz Ateş


Eşref Erdem


Zekeriya Akıncı


Gülsün Bilgehan


Ahmet İsmet Çanakcı


İsmail Değerli


Bayram Meral


Yakup Kepenek


Mehmet Tomanbay


Muzaffer Remzi Kurtulmuşoğlu



Anavatan Partisi





Antalya
Mevlüt Çavuşoğlu

Adalet ve Kalkınma Partisi


Mehmet Dülger


Osman Akman


Fikret Badazlı


Burhan Kılıç


Deniz Baykal

Cumhuriyet Halk Partisi


Osman Kaptan


Feridun Fikret Baloğlu


Hüseyin Ekmekcioğlu


Atila Emek


Tuncay Ercenk


Nail Kamacı


Osman Özcan





Ardahan
Kenan Altun

Adalet ve Kalkınma Partisi


Ensar Öğüt

Cumhuriyet Halk Partisi





Artvin
Orhan Yıldız

Adalet ve Kalkınma Partisi


Yüksel Çorbacıoğlu

Cumhuriyet Halk Partisi





Aydın
Atilla Koç

Adalet ve Kalkınma Partisi


Ahmet Ertürk


Ahmet Rıza Acar


Semiha Öyüş


Özlem Çerçioğlu

Cumhuriyet Halk Partisi


Mehmet Boztaş


Mehmet Mesut Özakcan


Mehmet Semerci





Balıkesir
Turhan Çömez

Adalet ve Kalkınma Partisi


Ahmet Edip Uğur


Ali Aydınlıoğlu


İsmail Özgün


Ali Osman Sali


Ali Kemal Deveciler

Cumhuriyet Halk Partisi


Sedat Pekel


Orhan Sür





Bartın
Hacı İbrahim Kabarık

Adalet ve Kalkınma Partisi


Mehmet Asım Kulak





Batman
Afif Demirkıran

Adalet ve Kalkınma Partisi


Ahmet İnal


Memet Ali Suçin


Mehmet Nezir Nasıroğlu

Cumhuriyet Halk Partisi

Adalet ve Kalkınma Partisi





Bayburt
Fetani Battal

Adalet ve Kalkınma Partisi


Ülkü Güney

Bağımsız

Adalet ve Kalkınma Partisi





Bilecik
Fahrettin Poyraz

Adalet ve Kalkınma Partisi


Yaşar Tüzün

Cumhuriyet Halk Partisi





Bingöl
Abdurrahman Anık

Adalet ve Kalkınma Partisi


Feyzi Berdibek


Mahfuz Güler





Bitlis
Abdurrahim Aksoy

Adalet ve Kalkınma Partisi


Zeki Ergezen


Vahit Kiler


Edip Safder Gaydalı

Bağımsız





Bolu
Yüksel Coşkunyürek

Adalet ve Kalkınma Partisi


Mehmet Güner


Metin Yılmaz





Burdur
Mehmet Alp

Adalet ve Kalkınma Partisi


Bayram Özçelik


Ramazan Kerim Özkan

Cumhuriyet Halk Partisi





Bursa
Ertuğrul Yalçınbayır

Adalet ve Kalkınma Partisi


Faruk Çelik


Abdulmecit Alp


Faruk Anbarcıoğlu


Şerif Birinç


Mustafa Dündar


Zafer Hıdıroğlu


Mehmet Altan Karapaşaoğlu


Sedat Kızılcıklı


Şevket Orhan


Niyazi Pakyürek


Mehmet Emin Tutan


Mehmet Küçükaşık

Cumhuriyet Halk Partisi


Mustafa Özyurt


Kemal Demirel


Ali Dinçer

Ölüm





Çanakkale
Mehmet Daniş

Adalet ve Kalkınma Partisi


İbrahim Köşdere


Ahmet Küçük

Cumhuriyet Halk Partisi


İsmail Özay





Çankırı
Tevfik Akbak

Adalet ve Kalkınma Partisi


İsmail Ericekli


Hikmet Özdemir





Çorum
Agah Kafkas

Adalet ve Kalkınma Partisi


Ali Yüksel Kavuştu


Muzaffer Külcü


Murat Yıldırım


Feridun Ayvazoğlu

Cumhuriyet Halk Partisi





Denizli
Mehmet Salih Erdoğan

Adalet ve Kalkınma Partisi


Osman Nuri Filiz


Ümmet Kandoğan

Doğru Yol Partisi


Mehmet Yüksektepe


Mustafa Gazalcı

Cumhuriyet Halk Partisi


Mehmet Ugur Neşşar


Veli Haşim Oral





Diyarbakır
Aziz Akgül

Adalet ve Kalkınma Partisi


Mehmet İhsan Arslan


Osman Aslan


Mehdi Eker


Ali İhsan Merdanoğlu


Cavit Torun


Mehmet Fehmi Uyanık


İrfan Riza Yazıcıoğlu


Mesut Değer

Cumhuriyet Halk Partisi


Muhsin Koçyiğit



Anavatan Partisi





Düzce
Yaşar Yakış

Adalet ve Kalkınma Partisi


Fahri Çakır


Metin Kaşıkoğlu





Edirne
Rasim Çakır

Cumhuriyet Halk Partisi


Necdet Budak

Adalet ve Kalkınma Partisi


Nejat Gencan


Ali Ayağ

Adalet ve Kalkınma Partisi

Bağımsız





Elazığ
Mehmet Necati Çetinkaya

Adalet ve Kalkınma Partisi


Zülfü Demirbağ


Şemsettin Murat


Abdulbaki Türkoğlu


Mehmet Ağar

Bağımsız

Doğru Yol Partisi





Erzincan
Talip Kaban

Adalet ve Kalkınma Partisi


Tevhit Karakaya


Erol Tınastepe

Cumhuriyet Halk Partisi





Erzurum
Recep Akdağ

Adalet ve Kalkınma Partisi


Mustafa Nuri Akbulut


Mücahit Daloğlu


Muzaffer Gülyurt


Mustafa Ilıcalı


İbrahim Özdoğan



Anavatan Partisi


Ömer Özyılmaz





Eskişehir
Fahri Keskin

Adalet ve Kalkınma Partisi


Hasan Murat Mercan


Muharrem Tozçöken


Cevdet Selvi

Cumhuriyet Halk Partisi


Mehmet Ali Arıkan


Mehmet Vedat Yücesan





Gaziantep
Ömer Abuşoğlu

Adalet ve Kalkınma Partisi

Ölüm


Nurettin Aktaş


Mahmut Durdu


Mehmet Sarı


Fatma Şahin


Kürşad Tüzmen


Ahmet Uzer


Abdülkadir Ateş

Cumhuriyet Halk Partisi


Mustafa Yılmaz


Ahmet Yılmazkaya





Giresun
Nurettin Canikli

Adalet ve Kalkınma Partisi


Hasan Aydın


Adem Tatlı


Ali Temür


Mehmet Işık

Cumhuriyet Halk Partisi





Gümüşhane
Sabri Varan

Adalet ve Kalkınma Partisi


Temel Yılmaz





Hakkâri
Fehmi Öztunç

Adalet ve Kalkınma Partisi


Mustafa Zeydan

Bağımsız

Adalet ve Kalkınma Partisi


Esat Canan

Cumhuriyet Halk Partisi

Bağımsız





Hatay
Sadullah Ergin

Adalet ve Kalkınma Partisi


Mehmet Eraslan



Bağımsız


Fuat Geçen

Bağımsız


Mehmet Soydan


İsmail Soylu


Züheyir Amber

Cumhuriyet Halk Partisi



Anavatan Partisi


İnal Batu

Doğru Yol Partisi


Fuat Çay


Gökhan Durgun


Abdulaziz Yazar





Iğdır
Dursun Akdemir

Bağımsız



Anavatan Partisi


Yücel Artantaş

Cumhuriyet Halk Partisi





Isparta
Mehmet Sait Armağan

Adalet ve Kalkınma Partisi



Anavatan Partisi


Erkan Mumcu

Anavatan Partisi


Mehmet Emin Murat Bilgiç


Recep Özel


Mevlüt Coşkuner

Cumhuriyet Halk Partisi





İstanbul
Abdülkadir Aksu

Adalet ve Kalkınma Partisi


Murat Başesgioğlu


Egemen Bağış


Nazım Ekren


Ekrem Erdem


Nevzat Yalçıntaş


İdris Naim Şahin


Mehmet Ali Şahin


Tayyar Altıkulaç


Mehmet Mustafa Açıkalın


Güldal Akşit


İlhan Albayrak


İsmet Atalay


Mehmet Sekmen


Mustafa Ataş


Azmi Ateş


Lokman Ayva


Mustafa Baş


Yahya Baş


Nusret Bayraktar


Hüseyin Besli


Alaattin Büyükkaya


Ali Coşkun


Nimet Baş


Mehmet Beyazıt Denizolgun


Gürsoy Erol


İrfan Gündüz


Gülseren Topuz


Kemal Unakıtan


Zeynep Karahan Uslu


İnci Özdemir


Hayati Yazıcı


Binali Yıldırım


Ali İbiş


İbrahim Reyhan Özal


Halide İncekara


Ünal Kacır


Hüseyin Kansu


Emin Şirin



Genç Parti


Cengiz Kaptanoğlu


Muharrem Karslı


Burhan Kuzu


Göksal Küçükali



Bağımsız


Recep Koral


Kemal Kılıçdaroğlu

Cumhuriyet Halk Partisi


Zülfü Livaneli



Bağımsız


Onur Öymen


Hasan Fehmi Güneş


Kemal Derviş



Milletvekilliğinden istifa


Yaşar Nuri Öztürk



Halkın Yükselişi Partisi


Şükrü Elekdağ


Hasan Aydın


Memduh Hacıoğlu



Bağımsız


Halil Akyüz


Ersin Arıoğlu


Zeynep Damla Gürel


Algan Hacaloğlu


Birgen Keleş


Ahmet Güryüz Ketenci



Sosyaldemokrat Halk Partisi


Ali Kemal Kumkumoğlu


Güldal Okuducu


Mehmet Sevigen


Ali Rıza Gülçiçek


Ahmet Sırrı Özbek


Mehmet Ali Özpolat


Sıdıka Sarıbekir


Berhan Şimşek


Bihlun Tamaylıgil


Bülent Hasan Tanla


Ali Topuz





İzmir
Mehmet Aydın

Adalet ve Kalkınma Partisi


Tevfik Ensari


Nükhet Hotar


Fazıl Karaman


İsmail Katmerci


Mehmet Sayım Tekelioğlu


Serpil Yıldız



Anavatan Partisi


Zekeriya Akçam


Erdal Karademir

Cumhuriyet Halk Partisi


Kemal Anadol


Hakkı Akalın



Bağımsız


Vezir Akdemir


Cânân Aritman


Ahmet Ersin


Abdurrezzak Erten


Bülent Baratalı


Ali Rıza Bodur


Yılmaz Kaya


Türkan Miçooğulları


Oğuz Oyan


Enver Öktem


Muharrem Toprak


Sedat Uzunbay


Hakkı Ülkü





Kahramanmaraş
Nevzat Pakdil

Adalet ve Kalkınma Partisi


Hanefi Mahçiçek


Avni Doğan


Fatih Arıkan


Mehmet Ali Bulut


Mehmet Yılmazcan


Ali Sezal


Mehmet Parlakyiğit

Cumhuriyet Halk Partisi





Karabük
Hasan Bilir

Adalet ve Kalkınma Partisi


Mehmet Ceylan


Ali Öğüten





Karaman
Mevlüt Akgün

Adalet ve Kalkınma Partisi


Yüksel Çavuşoğlu


Fikret Ünlü

Cumhuriyet Halk Partisi





Kars
Yusuf Selahattin Beyribey

Adalet ve Kalkınma Partisi


Zeki Karabayır


Selami Yiğit

Cumhuriyet Halk Partisi



Bağımsız





Kastamonu
Hakkı Köylü

Adalet ve Kalkınma Partisi


Sinan Özkan


Musa Sıvacıoğlu


Mehmet Yıldırım

Cumhuriyet Halk Partisi





Kayseri
Abdullah Gül

Adalet ve Kalkınma Partisi


Taner Yıldız


Mustafa Elitaş


Adem Baştürk


Mustafa Duru


Niyazi Özcan


Sadık Yakut


Muharrem Eskiyapan

Cumhuriyet Halk Partisi

Adalet ve Kalkınma Partisi





Kırıkkale
Vahit Erdem

Adalet ve Kalkınma Partisi


Ramazan Can


Murat Yılmazer


Halil Tiryaki

Cumhuriyet Halk Partisi





Kırklareli
Ahmet Gökhan Sarıçam

Adalet ve Kalkınma Partisi


Yavuz Altınorak

Cumhuriyet Halk Partisi


Mehmet Kesimoğlu





Kırşehir
Mikail Arslan

Adalet ve Kalkınma Partisi


Hacı Turan


Hüseyin Bayındır

Cumhuriyet Halk Partisi





Kilis
Hasan Kara

Adalet ve Kalkınma Partisi


Veli Kaya





Kocaeli
Nihat Ergün

Adalet ve Kalkınma Partisi


Osman Pepe


Vecdi Gönül


Eyüp Ayar


Muzaffer Baştopçu


Nevzat Doğan


Mehmet Sefa Sirmen

Cumhuriyet Halk Partisi


İzzet Çetin


Salih Gün





Konya
Hasan Angı

Adalet ve Kalkınma Partisi


Ahmet Büyükakkaşlar


Muharrem Candan


Remzi Çetin


Abdullah Çetinkaya


Orhan Erdem


Sami Güçlü


Ahmet Işık


Mehmet Kılıç


Özkan Öksüz


Kerim Özkul


Harun Tüfekci


Mustafa Ünaldı


Halil Ürün


Atilla Kart

Cumhuriyet Halk Partisi


Nezir Büyükcengiz

Ölüm





Kütahya
Soner Aksoy

Adalet ve Kalkınma Partisi


Abdullah Erdem Cantimur


Alaettin Güven


Hasan Fehmi Kinay


Hüsnü Ordu


Halil İbrahim Yılmaz

Ölüm





Malatya
Fuat Ölmeztoprak

Adalet ve Kalkınma Partisi


Ali Osman Başkurt


Ahmet Münir Erkal


Miraç Akdoğan



Anavatan Partisi


Süleyman Sarıbaş

Anavatan Partisi


Ferit Mevlüt Aslanoğlu

Cumhuriyet Halk Partisi


Muharrem Kılıç





Manisa
Bülent Arınç

Adalet ve Kalkınma Partisi


Hüseyin Tanrıverdi


İsmail Bilen


Mehmet Çerçi


Hakan Taşcı


Süleyman Turgut


Mustafa Erdoğan Yetenç

Cumhuriyet Halk Partisi


Nuri Çilingir


Hasan Ören


Ufuk Özkan





Mardin
Selahattin Cebeli

Adalet ve Kalkınma Partisi


Nihat Eri


Mehmet Beşir Hamidi


Mahmut Duyan

Cumhuriyet Halk Partisi


Muharrem Doğan



Anavatan Partisi


Süleyman Bölünmez

Bağımsız





Mersin
Dengir Mir Mehmet Fırat

Adalet ve Kalkınma Partisi


Saffet Benli


Ali Er


Mustafa Eyiceoğlu


Ömer İnan


Mustafa Özyürek

Cumhuriyet Halk Partisi


Ersoy Bulut



Bağımsız


Vahit Çekmez


Hüseyin Güler



Anavatan Partisi


Ali Oksal


Hüseyin Özcan



Anavatan Partisi


Şefik Zengin





Muğla
Hasan Özyer

Adalet ve Kalkınma Partisi



Anavatan Partisi


Orhan Seyfi Terzibaşıoğlu


Ali Arslan

Cumhuriyet Halk Partisi


Gürol Ergin


Fahrettin Üstün


Ali Cumhur Yaka





Muş
Seracettin Karayağız

Adalet ve Kalkınma Partisi


Sabahattin Yıldız


Medeni Yılmaz


Mehmet Şerif Ertuğrul

Cumhuriyet Halk Partisi





Nevşehir
Mehmet Elkatmış

Adalet ve Kalkınma Partisi


Rıtvan Köybaşı


Osman Seyfi





Niğde
Mahmut Uğur Çetin

Adalet ve Kalkınma Partisi


Erdoğan Özegen


Orhan Eraslan

Cumhuriyet Halk Partisi





Ordu
Eyüp Fatsa

Adalet ve Kalkınma Partisi


Hilmi Güler


Hamit Taşcı


Cemal Uysal


Enver Yılmaz


İdris Sami Tandoğdu

Cumhuriyet Halk Partisi


Kazım Türkmen





Osmaniye
Durdu Mehmet Kastal

Adalet ve Kalkınma Partisi


Mehmet Sarı


Şükrü Ünal


Necati Uzdil

Cumhuriyet Halk Partisi





Rize
İlyas Çakır

Adalet ve Kalkınma Partisi


Abdulkadir Kart


İmdat Sütlüoğlu






Sakarya
Erol Aslan Cebeci

Adalet ve Kalkınma Partisi


Hasan Ali Çelik


Şaban Dişli


Süleyman Gündüz


Ayhan Sefer Üstün


Recep Yıldırım





Samsun
Mustafa Demir

Adalet ve Kalkınma Partisi


Suat Kılıç


Mustafa Çakır


Cemal Yılmaz Demir


Musa Uzunkaya


Ahmet Yeni


Mehmet Kurt


Haluk Koç

Cumhuriyet Halk Partisi


İlyas Sezai Önder

Ölüm





Siirt
Recep Tayyip Erdoğan

Adalet ve Kalkınma Partisi


Öner Ergenç


Öner Gülyeşil





Sinop
Cahit Can

Adalet ve Kalkınma Partisi


Mustafa Öztürk


Engin Altay

Cumhuriyet Halk Partisi





Sivas
Abdüllatif Şener

Adalet ve Kalkınma Partisi


Selami Uzun


Osman Kılıç


Ömer Kulaksız


Orhan Taş


Nurettin Sözen

Cumhuriyet Halk Partisi





Şanlıurfa
Yahya Akman

Adalet ve Kalkınma Partisi


Mehmet Faruk Bayrak


Zülfükar İzol


Mahmut Kaplan


Mehmet Atilla Maraş


Mehmet Özlek


Müfit Yetkin


Mehmet Vedat Melik

Cumhuriyet Halk Partisi


Mahmut Yıldız


Turan Tüysüz



Anavatan Partisi


Sabahattin Cevheri

Bağımsız

Adalet ve Kalkınma Partisi





Şırnak
İbrahim Hakkı Birlik

Adalet ve Kalkınma Partisi


Abdullah Veli Seyda


Mehmet Tatar

Bağımsız

Doğru Yol Partisi





Tekirdağ
Tevfik Ziyaeddin Akbulut

Adalet ve Kalkınma Partisi


Ahmet Kambur


Erdoğan Kaplan

Cumhuriyet Halk Partisi


Mehmet Nuri Saygun


Enis Tütüncü





Tokat
Zeyid Aslan

Adalet ve Kalkınma Partisi


Şükrü Ayalan


İbrahim Çakmak


Mehmet Ergün Dağcıoğlu


Resul Tosun


Orhan Ziya Diren

Cumhuriyet Halk Partisi


Feramüz Şahin





Trabzon
Faruk Nafız Özak

Adalet ve Kalkınma Partisi


Asım Aykan


Mustafa Cumur


Ali Aydın Dumanoğlu


Cevdet Erdöl


Kemalettin Göktaş


Akif Hamzaçebi

Cumhuriyet Halk Partisi


Şevket Arz





Tunceli
Hasan Güyüldar

Cumhuriyet Halk Partisi


Vahdet Sinan Yerlikaya





Uşak
Alim Tunç

Adalet ve Kalkınma Partisi


Ahmet Çağlayan


Osman Coşkunoğlu

Cumhuriyet Halk Partisi





Van
Hüseyin Çelik

Adalet ve Kalkınma Partisi


Maliki Ejder Arvas


Haci Biner


Yekta Haydaroğlu


Cüneyit Karabıyık


Halil Kaya


Mehmet Kartal

Cumhuriyet Halk Partisi



Bağımsız





Yalova
Şükrü Önder

Adalet ve Kalkınma Partisi


Muharrem İnce

Cumhuriyet Halk Partisi





Yozgat
Bekir Bozdağ

Adalet ve Kalkınma Partisi


İlyas Arslan

Ölüm


Mehmet Çiçek


Mehmet Erdemir



Anavatan Partisi


Mehmet Yaşar Öztürk


Emin Koç

Cumhuriyet Halk Partisi





Zonguldak
Köksal Toptan

Adalet ve Kalkınma Partisi


Polat Türkmen


Fazlı Erdoğan


Harun Akın

Cumhuriyet Halk Partisi


Nadir Saraç

Kaynakça[değiştir | kaynağı değiştir]
Türkiye Büyük Millet Meclisi 22. Dönem Milletvekilleri Listesi5 Kasım 2007 tarihinde Wayback Machine sitesinde arşivlendi.


gtdTürkiye Büyük Millet Meclisi milletvekilleriYasama dönemleri
1
2
3
4
5
6
7
8
9
10
11
12
13
14
15
16
17
18
19
20
21
22
23
24
25
26
27
28
Cumhuriyet Senatosu
Seçilmiş senatörler
Kontenjan senatörleri
Tabii senatörler
Ara dönemler
Temsilciler Meclisi
Danışma Meclisi
İllerMevcut
Adana
Adıyaman
Afyonkarahisar
Ağrı
Aksaray
Amasya
Ankara
Antalya
Ardahan
Artvin
Aydın
Balıkesir
Bartın
Batman
Bayburt
Bilecik
Bingöl
Bitlis
Bolu
Burdur
Bursa
Çanakkale
Çankırı
Çorum
Denizli
Diyarbakır
Düzce
Edirne
Elâzığ
Erzincan
Erzurum
Eskişehir
Gaziantep
Giresun
Gümüşhane
Hakkâri
Hatay
Iğdır
Isparta
İstanbul
İzmir
Kahramanmaraş
Karabük
Karaman
Kars
Kastamonu
Kayseri
Kırıkkale
Kırklareli
Kırşehir
Kilis
Kocaeli
Konya
Kütahya
Malatya
Manisa
Mardin
Mersin
Muğla
Muş
Nevşehir
Niğde
Ordu
Osmaniye
Rize
Sakarya
Samsun
Siirt
Sinop
Sivas
Şanlıurfa
Şırnak
Tekirdağ
Tokat
Trabzon
Tunceli
Uşak
Van
Yalova
Yozgat
Zonguldak

Eski
Batum
Biga
Doğubayazıt
Ergani
Çatalca
Gelibolu
Genç
Kozan
Oltu
Silifke
Siverek
Şebinkarahisar
Diğer listeler
Azınlık milletvekilleri
İlk Türk kadın milletvekilleri
Cumhuriyet Senatosu başkanları
Türkiye Büyük Millet Meclisi başkanları

"https://tr.wikipedia.org/w/index.php?title=TBMM_22._dönem_milletvekilleri_listesi&oldid=33919059" sayfasından alınmıştır
Kategori: TBMM milletvekili listeleriTBMM 22. dönem milletvekilleri2002 Türkiye genel seçimleriGizli kategori: Webarşiv şablonu wayback bağlantıları






 Sayfa en son 09.55, 30 Eylül 2024 tarihinde değiştirildi.
Metin Creative Commons Atıf-AynıLisanslaPaylaş Lisansı altındadır ve ek koşullar uygulanabilir. Bu siteyi kullanarak Kullanım Şartlarını ve Gizlilik Politikasını kabul etmiş olursunuz.Vikipedi® (ve Wikipedia®) kâr amacı gütmeyen kuruluş olan Wikimedia Foundation, Inc. tescilli markasıdır.


Gizlilik politikası
Vikipedi hakkında
Sorumluluk reddi
Davranış Kuralları
Geliştiriciler
İstatistikler
Çerez politikası
Mobil görünüm














Ara













Ara









İçindekiler tablosunu değiştir







TBMM 22. dönem milletvekilleri listesi




























1 dil


Konu ekle

















2025-04-17 09:02:19,371 - INFO - Fetched member list for period 22, list is  
 ************ 
 



TBMM 22. dönem milletvekilleri listesi - Vikipedi




































İçeriğe atla







Ana menü





Ana menü
kenar çubuğuna taşı
gizle



		Gezinti
	


AnasayfaHakkımızdaİçindekilerRastgele maddeSeçkin içerikYakınımdakiler





		Katılım
	


Deneme tahtasıKöy çeşmesiSon değişikliklerDosya yükleTopluluk portaliWikimedia dükkânıYardımÖzel sayfalar



















Ara











Ara






















Görünüm
















Bağış yapın

Hesap oluştur

Oturum aç








Kişisel araçlar





Bağış yapın Hesap oluştur Oturum aç





		Çıkış yapmış editörler için sayfalar daha fazla bilgi



KatkılarMesaj




























İçindekiler
kenar çubuğuna taşı
gizle




Giriş





1
Sandalye dağılımı








2
Milletvekilleri








3
Kaynakça


















İçindekiler tablosunu değiştir







TBMM 22. dönem milletvekilleri listesi



1 dil




English

Bağlantıları değiştir











MaddeTartışma





Türkçe

















OkuDeğiştirKaynağı değiştirGeçmişi gör







Araçlar





Araçlar
kenar çubuğuna taşı
gizle



		Eylemler
	


OkuDeğiştirKaynağı değiştirGeçmişi gör





		Genel
	


Sayfaya bağlantılarİlgili değişikliklerKalıcı bağlantıSayfa bilgisiBu sayfayı kaynak gösterKısaltılmış URL'yi alKarekodu indir





		Yazdır/dışa aktar
	


Bir kitap oluşturPDF olarak indirBasılmaya uygun görünüm





		Diğer projelerde
	


Vikiveri ögesi





















Görünüm
kenar çubuğuna taşı
gizle










Vikipedi, özgür ansiklopedi


22. Dönem Milletvekili Dağılımı
TBMM 22. dönem milletvekilleri listesi, Türkiye Büyük Millet Meclisinin 22. döneminde (14 Kasım 2002 - 3 Haziran 2007) görev yapan, 2002'de seçilen, milletvekillerinin listesidir.

Sandalye dağılımı[değiştir | kaynağı değiştir]


Siyasi parti

Seçilen

Dönem sonu

Değişim



Adalet ve Kalkınma Partisi
363
354
 9



Cumhuriyet Halk Partisi
178
158
 20



Anavatan Partisi
0
19
 19



Doğru Yol Partisi
0
4
 4



Genç Parti
0
1
 1



Halkın Yükselişi Partisi
0
1
 1



Bağımsız
9
13
 4


Toplam
550
550


Milletvekilleri[değiştir | kaynağı değiştir]


Seçim Bölgesi
Milletvekili
Siyasi Parti
Değişiklik


Adana
Abdullah Çalışkan

Adalet ve Kalkınma Partisi


Ömer Çelik


Recep Garip


Ali Küçükaydın


Vahit Kirişci


Ayhan Zeynep Tekin Börü


Abdullah Torun


Ziyaettin Yağcı


Nevin Gaye Erbatur

Cumhuriyet Halk Partisi


Uğur Aksöz


Atilla Başoğlu

Adalet ve Kalkınma Partisi


Kemal Sağ


Tacidar Seyhan


Mehmet Ziya Yergök





Adıyaman
Mahmut Göksu

Adalet ve Kalkınma Partisi


Fehmi Hüsrev Kutlu


Mehmet Özyol


Ahmet Faruk Ünsal


Şevket Gürsoy

Cumhuriyet Halk Partisi

Adalet ve Kalkınma Partisi





Afyonkarahisar
Sait Açba

Adalet ve Kalkınma Partisi


İbrahim Hakkı Aşkar

Bağımsız


Halil Aydoğan


Ahmet Koca


Mahmut Koçak

Anavatan Partisi


Reyhan Tugay


Halil Ünlütepe

Cumhuriyet Halk Partisi





Ağrı
Mehmet Kerim Yıldız

Adalet ve Kalkınma Partisi


Mehmet Melik Özmen

Ölüm


Halil Özyolcu


Naci Aslan

Cumhuriyet Halk Partisi

Adalet ve Kalkınma Partisi


Cemal Kaya

Cumhuriyet Halk Partisi



Milletvekilliğinden istifa





Aksaray
Ruhi Açıkgöz

Adalet ve Kalkınma Partisi


Ali Rıza Alaboyun


Ramazan Toprak


Ahmet Yaşar





Amasya
Hamza Albayrak

Adalet ve Kalkınma Partisi



Anavatan Partisi


Akif Gülle


Mustafa Sayar

Cumhuriyet Halk Partisi

Bağımsız





Ankara
Cemil Çiçek

Adalet ve Kalkınma Partisi


Beşir Atalay


Ali Babacan


İsmail Alptekin


Reha Denemeç


Bülent Gedikli


Haluk İpek


Salih Kapusuz


Telat Karapınar


Faruk Koca


Ersönmez Yarbay


Mustafa Sait Yazıcıoğlu


Mehmet Zekai Özcan


Remziye Öztoprak


Eyyüp Sanay


Nur Doğan Topaloğlu


Mustafa Tuna


Önder Sav

Cumhuriyet Halk Partisi


Oya Araslı


Yılmaz Ateş


Eşref Erdem


Zekeriya Akıncı


Gülsün Bilgehan


Ahmet İsmet Çanakcı


İsmail Değerli


Bayram Meral


Yakup Kepenek


Mehmet Tomanbay


Muzaffer Remzi Kurtulmuşoğlu



Anavatan Partisi





Antalya
Mevlüt Çavuşoğlu

Adalet ve Kalkınma Partisi


Mehmet Dülger


Osman Akman


Fikret Badazlı


Burhan Kılıç


Deniz Baykal

Cumhuriyet Halk Partisi


Osman Kaptan


Feridun Fikret Baloğlu


Hüseyin Ekmekcioğlu


Atila Emek


Tuncay Ercenk


Nail Kamacı


Osman Özcan





Ardahan
Kenan Altun

Adalet ve Kalkınma Partisi


Ensar Öğüt

Cumhuriyet Halk Partisi





Artvin
Orhan Yıldız

Adalet ve Kalkınma Partisi


Yüksel Çorbacıoğlu

Cumhuriyet Halk Partisi





Aydın
Atilla Koç

Adalet ve Kalkınma Partisi


Ahmet Ertürk


Ahmet Rıza Acar


Semiha Öyüş


Özlem Çerçioğlu

Cumhuriyet Halk Partisi


Mehmet Boztaş


Mehmet Mesut Özakcan


Mehmet Semerci





Balıkesir
Turhan Çömez

Adalet ve Kalkınma Partisi


Ahmet Edip Uğur


Ali Aydınlıoğlu


İsmail Özgün


Ali Osman Sali


Ali Kemal Deveciler

Cumhuriyet Halk Partisi


Sedat Pekel


Orhan Sür





Bartın
Hacı İbrahim Kabarık

Adalet ve Kalkınma Partisi


Mehmet Asım Kulak





Batman
Afif Demirkıran

Adalet ve Kalkınma Partisi


Ahmet İnal


Memet Ali Suçin


Mehmet Nezir Nasıroğlu

Cumhuriyet Halk Partisi

Adalet ve Kalkınma Partisi





Bayburt
Fetani Battal

Adalet ve Kalkınma Partisi


Ülkü Güney

Bağımsız

Adalet ve Kalkınma Partisi





Bilecik
Fahrettin Poyraz

Adalet ve Kalkınma Partisi


Yaşar Tüzün

Cumhuriyet Halk Partisi





Bingöl
Abdurrahman Anık

Adalet ve Kalkınma Partisi


Feyzi Berdibek


Mahfuz Güler





Bitlis
Abdurrahim Aksoy

Adalet ve Kalkınma Partisi


Zeki Ergezen


Vahit Kiler


Edip Safder Gaydalı

Bağımsız





Bolu
Yüksel Coşkunyürek

Adalet ve Kalkınma Partisi


Mehmet Güner


Metin Yılmaz





Burdur
Mehmet Alp

Adalet ve Kalkınma Partisi


Bayram Özçelik


Ramazan Kerim Özkan

Cumhuriyet Halk Partisi





Bursa
Ertuğrul Yalçınbayır

Adalet ve Kalkınma Partisi


Faruk Çelik


Abdulmecit Alp


Faruk Anbarcıoğlu


Şerif Birinç


Mustafa Dündar


Zafer Hıdıroğlu


Mehmet Altan Karapaşaoğlu


Sedat Kızılcıklı


Şevket Orhan


Niyazi Pakyürek


Mehmet Emin Tutan


Mehmet Küçükaşık

Cumhuriyet Halk Partisi


Mustafa Özyurt


Kemal Demirel


Ali Dinçer

Ölüm





Çanakkale
Mehmet Daniş

Adalet ve Kalkınma Partisi


İbrahim Köşdere


Ahmet Küçük

Cumhuriyet Halk Partisi


İsmail Özay





Çankırı
Tevfik Akbak

Adalet ve Kalkınma Partisi


İsmail Ericekli


Hikmet Özdemir





Çorum
Agah Kafkas

Adalet ve Kalkınma Partisi


Ali Yüksel Kavuştu


Muzaffer Külcü


Murat Yıldırım


Feridun Ayvazoğlu

Cumhuriyet Halk Partisi





Denizli
Mehmet Salih Erdoğan

Adalet ve Kalkınma Partisi


Osman Nuri Filiz


Ümmet Kandoğan

Doğru Yol Partisi


Mehmet Yüksektepe


Mustafa Gazalcı

Cumhuriyet Halk Partisi


Mehmet Ugur Neşşar


Veli Haşim Oral





Diyarbakır
Aziz Akgül

Adalet ve Kalkınma Partisi


Mehmet İhsan Arslan


Osman Aslan


Mehdi Eker


Ali İhsan Merdanoğlu


Cavit Torun


Mehmet Fehmi Uyanık


İrfan Riza Yazıcıoğlu


Mesut Değer

Cumhuriyet Halk Partisi


Muhsin Koçyiğit



Anavatan Partisi





Düzce
Yaşar Yakış

Adalet ve Kalkınma Partisi


Fahri Çakır


Metin Kaşıkoğlu





Edirne
Rasim Çakır

Cumhuriyet Halk Partisi


Necdet Budak

Adalet ve Kalkınma Partisi


Nejat Gencan


Ali Ayağ

Adalet ve Kalkınma Partisi

Bağımsız





Elazığ
Mehmet Necati Çetinkaya

Adalet ve Kalkınma Partisi


Zülfü Demirbağ


Şemsettin Murat


Abdulbaki Türkoğlu


Mehmet Ağar

Bağımsız

Doğru Yol Partisi





Erzincan
Talip Kaban

Adalet ve Kalkınma Partisi


Tevhit Karakaya


Erol Tınastepe

Cumhuriyet Halk Partisi





Erzurum
Recep Akdağ

Adalet ve Kalkınma Partisi


Mustafa Nuri Akbulut


Mücahit Daloğlu


Muzaffer Gülyurt


Mustafa Ilıcalı


İbrahim Özdoğan



Anavatan Partisi


Ömer Özyılmaz





Eskişehir
Fahri Keskin

Adalet ve Kalkınma Partisi


Hasan Murat Mercan


Muharrem Tozçöken


Cevdet Selvi

Cumhuriyet Halk Partisi


Mehmet Ali Arıkan


Mehmet Vedat Yücesan





Gaziantep
Ömer Abuşoğlu

Adalet ve Kalkınma Partisi

Ölüm


Nurettin Aktaş


Mahmut Durdu


Mehmet Sarı


Fatma Şahin


Kürşad Tüzmen


Ahmet Uzer


Abdülkadir Ateş

Cumhuriyet Halk Partisi


Mustafa Yılmaz


Ahmet Yılmazkaya





Giresun
Nurettin Canikli

Adalet ve Kalkınma Partisi


Hasan Aydın


Adem Tatlı


Ali Temür


Mehmet Işık

Cumhuriyet Halk Partisi





Gümüşhane
Sabri Varan

Adalet ve Kalkınma Partisi


Temel Yılmaz





Hakkâri
Fehmi Öztunç

Adalet ve Kalkınma Partisi


Mustafa Zeydan

Bağımsız

Adalet ve Kalkınma Partisi


Esat Canan

Cumhuriyet Halk Partisi

Bağımsız





Hatay
Sadullah Ergin

Adalet ve Kalkınma Partisi


Mehmet Eraslan



Bağımsız


Fuat Geçen

Bağımsız


Mehmet Soydan


İsmail Soylu


Züheyir Amber

Cumhuriyet Halk Partisi



Anavatan Partisi


İnal Batu

Doğru Yol Partisi


Fuat Çay


Gökhan Durgun


Abdulaziz Yazar





Iğdır
Dursun Akdemir

Bağımsız



Anavatan Partisi


Yücel Artantaş

Cumhuriyet Halk Partisi





Isparta
Mehmet Sait Armağan

Adalet ve Kalkınma Partisi



Anavatan Partisi


Erkan Mumcu

Anavatan Partisi


Mehmet Emin Murat Bilgiç


Recep Özel


Mevlüt Coşkuner

Cumhuriyet Halk Partisi





İstanbul
Abdülkadir Aksu

Adalet ve Kalkınma Partisi


Murat Başesgioğlu


Egemen Bağış


Nazım Ekren


Ekrem Erdem


Nevzat Yalçıntaş


İdris Naim Şahin


Mehmet Ali Şahin


Tayyar Altıkulaç


Mehmet Mustafa Açıkalın


Güldal Akşit


İlhan Albayrak


İsmet Atalay


Mehmet Sekmen


Mustafa Ataş


Azmi Ateş


Lokman Ayva


Mustafa Baş


Yahya Baş


Nusret Bayraktar


Hüseyin Besli


Alaattin Büyükkaya


Ali Coşkun


Nimet Baş


Mehmet Beyazıt Denizolgun


Gürsoy Erol


İrfan Gündüz


Gülseren Topuz


Kemal Unakıtan


Zeynep Karahan Uslu


İnci Özdemir


Hayati Yazıcı


Binali Yıldırım


Ali İbiş


İbrahim Reyhan Özal


Halide İncekara


Ünal Kacır


Hüseyin Kansu


Emin Şirin



Genç Parti


Cengiz Kaptanoğlu


Muharrem Karslı


Burhan Kuzu


Göksal Küçükali



Bağımsız


Recep Koral


Kemal Kılıçdaroğlu

Cumhuriyet Halk Partisi


Zülfü Livaneli



Bağımsız


Onur Öymen


Hasan Fehmi Güneş


Kemal Derviş



Milletvekilliğinden istifa


Yaşar Nuri Öztürk



Halkın Yükselişi Partisi


Şükrü Elekdağ


Hasan Aydın


Memduh Hacıoğlu



Bağımsız


Halil Akyüz


Ersin Arıoğlu


Zeynep Damla Gürel


Algan Hacaloğlu


Birgen Keleş


Ahmet Güryüz Ketenci



Sosyaldemokrat Halk Partisi


Ali Kemal Kumkumoğlu


Güldal Okuducu


Mehmet Sevigen


Ali Rıza Gülçiçek


Ahmet Sırrı Özbek


Mehmet Ali Özpolat


Sıdıka Sarıbekir


Berhan Şimşek


Bihlun Tamaylıgil


Bülent Hasan Tanla


Ali Topuz





İzmir
Mehmet Aydın

Adalet ve Kalkınma Partisi


Tevfik Ensari


Nükhet Hotar


Fazıl Karaman


İsmail Katmerci


Mehmet Sayım Tekelioğlu


Serpil Yıldız



Anavatan Partisi


Zekeriya Akçam


Erdal Karademir

Cumhuriyet Halk Partisi


Kemal Anadol


Hakkı Akalın



Bağımsız


Vezir Akdemir


Cânân Aritman


Ahmet Ersin


Abdurrezzak Erten


Bülent Baratalı


Ali Rıza Bodur


Yılmaz Kaya


Türkan Miçooğulları


Oğuz Oyan


Enver Öktem


Muharrem Toprak


Sedat Uzunbay


Hakkı Ülkü





Kahramanmaraş
Nevzat Pakdil

Adalet ve Kalkınma Partisi


Hanefi Mahçiçek


Avni Doğan


Fatih Arıkan


Mehmet Ali Bulut


Mehmet Yılmazcan


Ali Sezal


Mehmet Parlakyiğit

Cumhuriyet Halk Partisi





Karabük
Hasan Bilir

Adalet ve Kalkınma Partisi


Mehmet Ceylan


Ali Öğüten





Karaman
Mevlüt Akgün

Adalet ve Kalkınma Partisi


Yüksel Çavuşoğlu


Fikret Ünlü

Cumhuriyet Halk Partisi





Kars
Yusuf Selahattin Beyribey

Adalet ve Kalkınma Partisi


Zeki Karabayır


Selami Yiğit

Cumhuriyet Halk Partisi



Bağımsız





Kastamonu
Hakkı Köylü

Adalet ve Kalkınma Partisi


Sinan Özkan


Musa Sıvacıoğlu


Mehmet Yıldırım

Cumhuriyet Halk Partisi





Kayseri
Abdullah Gül

Adalet ve Kalkınma Partisi


Taner Yıldız


Mustafa Elitaş


Adem Baştürk


Mustafa Duru


Niyazi Özcan


Sadık Yakut


Muharrem Eskiyapan

Cumhuriyet Halk Partisi

Adalet ve Kalkınma Partisi





Kırıkkale
Vahit Erdem

Adalet ve Kalkınma Partisi


Ramazan Can


Murat Yılmazer


Halil Tiryaki

Cumhuriyet Halk Partisi





Kırklareli
Ahmet Gökhan Sarıçam

Adalet ve Kalkınma Partisi


Yavuz Altınorak

Cumhuriyet Halk Partisi


Mehmet Kesimoğlu





Kırşehir
Mikail Arslan

Adalet ve Kalkınma Partisi


Hacı Turan


Hüseyin Bayındır

Cumhuriyet Halk Partisi





Kilis
Hasan Kara

Adalet ve Kalkınma Partisi


Veli Kaya





Kocaeli
Nihat Ergün

Adalet ve Kalkınma Partisi


Osman Pepe


Vecdi Gönül


Eyüp Ayar


Muzaffer Baştopçu


Nevzat Doğan


Mehmet Sefa Sirmen

Cumhuriyet Halk Partisi


İzzet Çetin


Salih Gün





Konya
Hasan Angı

Adalet ve Kalkınma Partisi


Ahmet Büyükakkaşlar


Muharrem Candan


Remzi Çetin


Abdullah Çetinkaya


Orhan Erdem


Sami Güçlü


Ahmet Işık


Mehmet Kılıç


Özkan Öksüz


Kerim Özkul


Harun Tüfekci


Mustafa Ünaldı


Halil Ürün


Atilla Kart

Cumhuriyet Halk Partisi


Nezir Büyükcengiz

Ölüm





Kütahya
Soner Aksoy

Adalet ve Kalkınma Partisi


Abdullah Erdem Cantimur


Alaettin Güven


Hasan Fehmi Kinay


Hüsnü Ordu


Halil İbrahim Yılmaz

Ölüm





Malatya
Fuat Ölmeztoprak

Adalet ve Kalkınma Partisi


Ali Osman Başkurt


Ahmet Münir Erkal


Miraç Akdoğan



Anavatan Partisi


Süleyman Sarıbaş

Anavatan Partisi


Ferit Mevlüt Aslanoğlu

Cumhuriyet Halk Partisi


Muharrem Kılıç





Manisa
Bülent Arınç

Adalet ve Kalkınma Partisi


Hüseyin Tanrıverdi


İsmail Bilen


Mehmet Çerçi


Hakan Taşcı


Süleyman Turgut


Mustafa Erdoğan Yetenç

Cumhuriyet Halk Partisi


Nuri Çilingir


Hasan Ören


Ufuk Özkan





Mardin
Selahattin Cebeli

Adalet ve Kalkınma Partisi


Nihat Eri


Mehmet Beşir Hamidi


Mahmut Duyan

Cumhuriyet Halk Partisi


Muharrem Doğan



Anavatan Partisi


Süleyman Bölünmez

Bağımsız





Mersin
Dengir Mir Mehmet Fırat

Adalet ve Kalkınma Partisi


Saffet Benli


Ali Er


Mustafa Eyiceoğlu


Ömer İnan


Mustafa Özyürek

Cumhuriyet Halk Partisi


Ersoy Bulut



Bağımsız


Vahit Çekmez


Hüseyin Güler



Anavatan Partisi


Ali Oksal


Hüseyin Özcan



Anavatan Partisi


Şefik Zengin





Muğla
Hasan Özyer

Adalet ve Kalkınma Partisi



Anavatan Partisi


Orhan Seyfi Terzibaşıoğlu


Ali Arslan

Cumhuriyet Halk Partisi


Gürol Ergin


Fahrettin Üstün


Ali Cumhur Yaka





Muş
Seracettin Karayağız

Adalet ve Kalkınma Partisi


Sabahattin Yıldız


Medeni Yılmaz


Mehmet Şerif Ertuğrul

Cumhuriyet Halk Partisi





Nevşehir
Mehmet Elkatmış

Adalet ve Kalkınma Partisi


Rıtvan Köybaşı


Osman Seyfi





Niğde
Mahmut Uğur Çetin

Adalet ve Kalkınma Partisi


Erdoğan Özegen


Orhan Eraslan

Cumhuriyet Halk Partisi





Ordu
Eyüp Fatsa

Adalet ve Kalkınma Partisi


Hilmi Güler


Hamit Taşcı


Cemal Uysal


Enver Yılmaz


İdris Sami Tandoğdu

Cumhuriyet Halk Partisi


Kazım Türkmen





Osmaniye
Durdu Mehmet Kastal

Adalet ve Kalkınma Partisi


Mehmet Sarı


Şükrü Ünal


Necati Uzdil

Cumhuriyet Halk Partisi





Rize
İlyas Çakır

Adalet ve Kalkınma Partisi


Abdulkadir Kart


İmdat Sütlüoğlu






Sakarya
Erol Aslan Cebeci

Adalet ve Kalkınma Partisi


Hasan Ali Çelik


Şaban Dişli


Süleyman Gündüz


Ayhan Sefer Üstün


Recep Yıldırım





Samsun
Mustafa Demir

Adalet ve Kalkınma Partisi


Suat Kılıç


Mustafa Çakır


Cemal Yılmaz Demir


Musa Uzunkaya


Ahmet Yeni


Mehmet Kurt


Haluk Koç

Cumhuriyet Halk Partisi


İlyas Sezai Önder

Ölüm





Siirt
Recep Tayyip Erdoğan

Adalet ve Kalkınma Partisi


Öner Ergenç


Öner Gülyeşil





Sinop
Cahit Can

Adalet ve Kalkınma Partisi


Mustafa Öztürk


Engin Altay

Cumhuriyet Halk Partisi





Sivas
Abdüllatif Şener

Adalet ve Kalkınma Partisi


Selami Uzun


Osman Kılıç


Ömer Kulaksız


Orhan Taş


Nurettin Sözen

Cumhuriyet Halk Partisi





Şanlıurfa
Yahya Akman

Adalet ve Kalkınma Partisi


Mehmet Faruk Bayrak


Zülfükar İzol


Mahmut Kaplan


Mehmet Atilla Maraş


Mehmet Özlek


Müfit Yetkin


Mehmet Vedat Melik

Cumhuriyet Halk Partisi


Mahmut Yıldız


Turan Tüysüz



Anavatan Partisi


Sabahattin Cevheri

Bağımsız

Adalet ve Kalkınma Partisi





Şırnak
İbrahim Hakkı Birlik

Adalet ve Kalkınma Partisi


Abdullah Veli Seyda


Mehmet Tatar

Bağımsız

Doğru Yol Partisi





Tekirdağ
Tevfik Ziyaeddin Akbulut

Adalet ve Kalkınma Partisi


Ahmet Kambur


Erdoğan Kaplan

Cumhuriyet Halk Partisi


Mehmet Nuri Saygun


Enis Tütüncü





Tokat
Zeyid Aslan

Adalet ve Kalkınma Partisi


Şükrü Ayalan


İbrahim Çakmak


Mehmet Ergün Dağcıoğlu


Resul Tosun


Orhan Ziya Diren

Cumhuriyet Halk Partisi


Feramüz Şahin





Trabzon
Faruk Nafız Özak

Adalet ve Kalkınma Partisi


Asım Aykan


Mustafa Cumur


Ali Aydın Dumanoğlu


Cevdet Erdöl


Kemalettin Göktaş


Akif Hamzaçebi

Cumhuriyet Halk Partisi


Şevket Arz





Tunceli
Hasan Güyüldar

Cumhuriyet Halk Partisi


Vahdet Sinan Yerlikaya





Uşak
Alim Tunç

Adalet ve Kalkınma Partisi


Ahmet Çağlayan


Osman Coşkunoğlu

Cumhuriyet Halk Partisi





Van
Hüseyin Çelik

Adalet ve Kalkınma Partisi


Maliki Ejder Arvas


Haci Biner


Yekta Haydaroğlu


Cüneyit Karabıyık


Halil Kaya


Mehmet Kartal

Cumhuriyet Halk Partisi



Bağımsız





Yalova
Şükrü Önder

Adalet ve Kalkınma Partisi


Muharrem İnce

Cumhuriyet Halk Partisi





Yozgat
Bekir Bozdağ

Adalet ve Kalkınma Partisi


İlyas Arslan

Ölüm


Mehmet Çiçek


Mehmet Erdemir



Anavatan Partisi


Mehmet Yaşar Öztürk


Emin Koç

Cumhuriyet Halk Partisi





Zonguldak
Köksal Toptan

Adalet ve Kalkınma Partisi


Polat Türkmen


Fazlı Erdoğan


Harun Akın

Cumhuriyet Halk Partisi


Nadir Saraç

Kaynakça[değiştir | kaynağı değiştir]
Türkiye Büyük Millet Meclisi 22. Dönem Milletvekilleri Listesi5 Kasım 2007 tarihinde Wayback Machine sitesinde arşivlendi.


gtdTürkiye Büyük Millet Meclisi milletvekilleriYasama dönemleri
1
2
3
4
5
6
7
8
9
10
11
12
13
14
15
16
17
18
19
20
21
22
23
24
25
26
27
28
Cumhuriyet Senatosu
Seçilmiş senatörler
Kontenjan senatörleri
Tabii senatörler
Ara dönemler
Temsilciler Meclisi
Danışma Meclisi
İllerMevcut
Adana
Adıyaman
Afyonkarahisar
Ağrı
Aksaray
Amasya
Ankara
Antalya
Ardahan
Artvin
Aydın
Balıkesir
Bartın
Batman
Bayburt
Bilecik
Bingöl
Bitlis
Bolu
Burdur
Bursa
Çanakkale
Çankırı
Çorum
Denizli
Diyarbakır
Düzce
Edirne
Elâzığ
Erzincan
Erzurum
Eskişehir
Gaziantep
Giresun
Gümüşhane
Hakkâri
Hatay
Iğdır
Isparta
İstanbul
İzmir
Kahramanmaraş
Karabük
Karaman
Kars
Kastamonu
Kayseri
Kırıkkale
Kırklareli
Kırşehir
Kilis
Kocaeli
Konya
Kütahya
Malatya
Manisa
Mardin
Mersin
Muğla
Muş
Nevşehir
Niğde
Ordu
Osmaniye
Rize
Sakarya
Samsun
Siirt
Sinop
Sivas
Şanlıurfa
Şırnak
Tekirdağ
Tokat
Trabzon
Tunceli
Uşak
Van
Yalova
Yozgat
Zonguldak

Eski
Batum
Biga
Doğubayazıt
Ergani
Çatalca
Gelibolu
Genç
Kozan
Oltu
Silifke
Siverek
Şebinkarahisar
Diğer listeler
Azınlık milletvekilleri
İlk Türk kadın milletvekilleri
Cumhuriyet Senatosu başkanları
Türkiye Büyük Millet Meclisi başkanları

"https://tr.wikipedia.org/w/index.php?title=TBMM_22._dönem_milletvekilleri_listesi&oldid=33919059" sayfasından alınmıştır
Kategori: TBMM milletvekili listeleriTBMM 22. dönem milletvekilleri2002 Türkiye genel seçimleriGizli kategori: Webarşiv şablonu wayback bağlantıları






 Sayfa en son 09.55, 30 Eylül 2024 tarihinde değiştirildi.
Metin Creative Commons Atıf-AynıLisanslaPaylaş Lisansı altındadır ve ek koşullar uygulanabilir. Bu siteyi kullanarak Kullanım Şartlarını ve Gizlilik Politikasını kabul etmiş olursunuz.Vikipedi® (ve Wikipedia®) kâr amacı gütmeyen kuruluş olan Wikimedia Foundation, Inc. tescilli markasıdır.


Gizlilik politikası
Vikipedi hakkında
Sorumluluk reddi
Davranış Kuralları
Geliştiriciler
İstatistikler
Çerez politikası
Mobil görünüm














Ara













Ara









İçindekiler tablosunu değiştir







TBMM 22. dönem milletvekilleri listesi




























1 dil


Konu ekle

















2025-04-17 09:02:50,523 - INFO - Fetched member list for period 22, list is  
 ************ 
 



TBMM 22. dönem milletvekilleri listesi - Vikipedi




































İçeriğe atla







Ana menü





Ana menü
kenar çubuğuna taşı
gizle



		Gezinti
	


AnasayfaHakkımızdaİçindekilerRastgele maddeSeçkin içerikYakınımdakiler





		Katılım
	


Deneme tahtasıKöy çeşmesiSon değişikliklerDosya yükleTopluluk portaliWikimedia dükkânıYardımÖzel sayfalar



















Ara











Ara






















Görünüm
















Bağış yapın

Hesap oluştur

Oturum aç








Kişisel araçlar





Bağış yapın Hesap oluştur Oturum aç





		Çıkış yapmış editörler için sayfalar daha fazla bilgi



KatkılarMesaj




























İçindekiler
kenar çubuğuna taşı
gizle




Giriş





1
Sandalye dağılımı








2
Milletvekilleri








3
Kaynakça


















İçindekiler tablosunu değiştir







TBMM 22. dönem milletvekilleri listesi



1 dil




English

Bağlantıları değiştir











MaddeTartışma





Türkçe

















OkuDeğiştirKaynağı değiştirGeçmişi gör







Araçlar





Araçlar
kenar çubuğuna taşı
gizle



		Eylemler
	


OkuDeğiştirKaynağı değiştirGeçmişi gör





		Genel
	


Sayfaya bağlantılarİlgili değişikliklerKalıcı bağlantıSayfa bilgisiBu sayfayı kaynak gösterKısaltılmış URL'yi alKarekodu indir





		Yazdır/dışa aktar
	


Bir kitap oluşturPDF olarak indirBasılmaya uygun görünüm





		Diğer projelerde
	


Vikiveri ögesi





















Görünüm
kenar çubuğuna taşı
gizle










Vikipedi, özgür ansiklopedi


22. Dönem Milletvekili Dağılımı
TBMM 22. dönem milletvekilleri listesi, Türkiye Büyük Millet Meclisinin 22. döneminde (14 Kasım 2002 - 3 Haziran 2007) görev yapan, 2002'de seçilen, milletvekillerinin listesidir.

Sandalye dağılımı[değiştir | kaynağı değiştir]


Siyasi parti

Seçilen

Dönem sonu

Değişim



Adalet ve Kalkınma Partisi
363
354
 9



Cumhuriyet Halk Partisi
178
158
 20



Anavatan Partisi
0
19
 19



Doğru Yol Partisi
0
4
 4



Genç Parti
0
1
 1



Halkın Yükselişi Partisi
0
1
 1



Bağımsız
9
13
 4


Toplam
550
550


Milletvekilleri[değiştir | kaynağı değiştir]


Seçim Bölgesi
Milletvekili
Siyasi Parti
Değişiklik


Adana
Abdullah Çalışkan

Adalet ve Kalkınma Partisi


Ömer Çelik


Recep Garip


Ali Küçükaydın


Vahit Kirişci


Ayhan Zeynep Tekin Börü


Abdullah Torun


Ziyaettin Yağcı


Nevin Gaye Erbatur

Cumhuriyet Halk Partisi


Uğur Aksöz


Atilla Başoğlu

Adalet ve Kalkınma Partisi


Kemal Sağ


Tacidar Seyhan


Mehmet Ziya Yergök





Adıyaman
Mahmut Göksu

Adalet ve Kalkınma Partisi


Fehmi Hüsrev Kutlu


Mehmet Özyol


Ahmet Faruk Ünsal


Şevket Gürsoy

Cumhuriyet Halk Partisi

Adalet ve Kalkınma Partisi





Afyonkarahisar
Sait Açba

Adalet ve Kalkınma Partisi


İbrahim Hakkı Aşkar

Bağımsız


Halil Aydoğan


Ahmet Koca


Mahmut Koçak

Anavatan Partisi


Reyhan Tugay


Halil Ünlütepe

Cumhuriyet Halk Partisi





Ağrı
Mehmet Kerim Yıldız

Adalet ve Kalkınma Partisi


Mehmet Melik Özmen

Ölüm


Halil Özyolcu


Naci Aslan

Cumhuriyet Halk Partisi

Adalet ve Kalkınma Partisi


Cemal Kaya

Cumhuriyet Halk Partisi



Milletvekilliğinden istifa





Aksaray
Ruhi Açıkgöz

Adalet ve Kalkınma Partisi


Ali Rıza Alaboyun


Ramazan Toprak


Ahmet Yaşar





Amasya
Hamza Albayrak

Adalet ve Kalkınma Partisi



Anavatan Partisi


Akif Gülle


Mustafa Sayar

Cumhuriyet Halk Partisi

Bağımsız





Ankara
Cemil Çiçek

Adalet ve Kalkınma Partisi


Beşir Atalay


Ali Babacan


İsmail Alptekin


Reha Denemeç


Bülent Gedikli


Haluk İpek


Salih Kapusuz


Telat Karapınar


Faruk Koca


Ersönmez Yarbay


Mustafa Sait Yazıcıoğlu


Mehmet Zekai Özcan


Remziye Öztoprak


Eyyüp Sanay


Nur Doğan Topaloğlu


Mustafa Tuna


Önder Sav

Cumhuriyet Halk Partisi


Oya Araslı


Yılmaz Ateş


Eşref Erdem


Zekeriya Akıncı


Gülsün Bilgehan


Ahmet İsmet Çanakcı


İsmail Değerli


Bayram Meral


Yakup Kepenek


Mehmet Tomanbay


Muzaffer Remzi Kurtulmuşoğlu



Anavatan Partisi





Antalya
Mevlüt Çavuşoğlu

Adalet ve Kalkınma Partisi


Mehmet Dülger


Osman Akman


Fikret Badazlı


Burhan Kılıç


Deniz Baykal

Cumhuriyet Halk Partisi


Osman Kaptan


Feridun Fikret Baloğlu


Hüseyin Ekmekcioğlu


Atila Emek


Tuncay Ercenk


Nail Kamacı


Osman Özcan





Ardahan
Kenan Altun

Adalet ve Kalkınma Partisi


Ensar Öğüt

Cumhuriyet Halk Partisi





Artvin
Orhan Yıldız

Adalet ve Kalkınma Partisi


Yüksel Çorbacıoğlu

Cumhuriyet Halk Partisi





Aydın
Atilla Koç

Adalet ve Kalkınma Partisi


Ahmet Ertürk


Ahmet Rıza Acar


Semiha Öyüş


Özlem Çerçioğlu

Cumhuriyet Halk Partisi


Mehmet Boztaş


Mehmet Mesut Özakcan


Mehmet Semerci





Balıkesir
Turhan Çömez

Adalet ve Kalkınma Partisi


Ahmet Edip Uğur


Ali Aydınlıoğlu


İsmail Özgün


Ali Osman Sali


Ali Kemal Deveciler

Cumhuriyet Halk Partisi


Sedat Pekel


Orhan Sür





Bartın
Hacı İbrahim Kabarık

Adalet ve Kalkınma Partisi


Mehmet Asım Kulak





Batman
Afif Demirkıran

Adalet ve Kalkınma Partisi


Ahmet İnal


Memet Ali Suçin


Mehmet Nezir Nasıroğlu

Cumhuriyet Halk Partisi

Adalet ve Kalkınma Partisi





Bayburt
Fetani Battal

Adalet ve Kalkınma Partisi


Ülkü Güney

Bağımsız

Adalet ve Kalkınma Partisi





Bilecik
Fahrettin Poyraz

Adalet ve Kalkınma Partisi


Yaşar Tüzün

Cumhuriyet Halk Partisi





Bingöl
Abdurrahman Anık

Adalet ve Kalkınma Partisi


Feyzi Berdibek


Mahfuz Güler





Bitlis
Abdurrahim Aksoy

Adalet ve Kalkınma Partisi


Zeki Ergezen


Vahit Kiler


Edip Safder Gaydalı

Bağımsız





Bolu
Yüksel Coşkunyürek

Adalet ve Kalkınma Partisi


Mehmet Güner


Metin Yılmaz





Burdur
Mehmet Alp

Adalet ve Kalkınma Partisi


Bayram Özçelik


Ramazan Kerim Özkan

Cumhuriyet Halk Partisi





Bursa
Ertuğrul Yalçınbayır

Adalet ve Kalkınma Partisi


Faruk Çelik


Abdulmecit Alp


Faruk Anbarcıoğlu


Şerif Birinç


Mustafa Dündar


Zafer Hıdıroğlu


Mehmet Altan Karapaşaoğlu


Sedat Kızılcıklı


Şevket Orhan


Niyazi Pakyürek


Mehmet Emin Tutan


Mehmet Küçükaşık

Cumhuriyet Halk Partisi


Mustafa Özyurt


Kemal Demirel


Ali Dinçer

Ölüm





Çanakkale
Mehmet Daniş

Adalet ve Kalkınma Partisi


İbrahim Köşdere


Ahmet Küçük

Cumhuriyet Halk Partisi


İsmail Özay





Çankırı
Tevfik Akbak

Adalet ve Kalkınma Partisi


İsmail Ericekli


Hikmet Özdemir





Çorum
Agah Kafkas

Adalet ve Kalkınma Partisi


Ali Yüksel Kavuştu


Muzaffer Külcü


Murat Yıldırım


Feridun Ayvazoğlu

Cumhuriyet Halk Partisi





Denizli
Mehmet Salih Erdoğan

Adalet ve Kalkınma Partisi


Osman Nuri Filiz


Ümmet Kandoğan

Doğru Yol Partisi


Mehmet Yüksektepe


Mustafa Gazalcı

Cumhuriyet Halk Partisi


Mehmet Ugur Neşşar


Veli Haşim Oral





Diyarbakır
Aziz Akgül

Adalet ve Kalkınma Partisi


Mehmet İhsan Arslan


Osman Aslan


Mehdi Eker


Ali İhsan Merdanoğlu


Cavit Torun


Mehmet Fehmi Uyanık


İrfan Riza Yazıcıoğlu


Mesut Değer

Cumhuriyet Halk Partisi


Muhsin Koçyiğit



Anavatan Partisi





Düzce
Yaşar Yakış

Adalet ve Kalkınma Partisi


Fahri Çakır


Metin Kaşıkoğlu





Edirne
Rasim Çakır

Cumhuriyet Halk Partisi


Necdet Budak

Adalet ve Kalkınma Partisi


Nejat Gencan


Ali Ayağ

Adalet ve Kalkınma Partisi

Bağımsız





Elazığ
Mehmet Necati Çetinkaya

Adalet ve Kalkınma Partisi


Zülfü Demirbağ


Şemsettin Murat


Abdulbaki Türkoğlu


Mehmet Ağar

Bağımsız

Doğru Yol Partisi





Erzincan
Talip Kaban

Adalet ve Kalkınma Partisi


Tevhit Karakaya


Erol Tınastepe

Cumhuriyet Halk Partisi





Erzurum
Recep Akdağ

Adalet ve Kalkınma Partisi


Mustafa Nuri Akbulut


Mücahit Daloğlu


Muzaffer Gülyurt


Mustafa Ilıcalı


İbrahim Özdoğan



Anavatan Partisi


Ömer Özyılmaz





Eskişehir
Fahri Keskin

Adalet ve Kalkınma Partisi


Hasan Murat Mercan


Muharrem Tozçöken


Cevdet Selvi

Cumhuriyet Halk Partisi


Mehmet Ali Arıkan


Mehmet Vedat Yücesan





Gaziantep
Ömer Abuşoğlu

Adalet ve Kalkınma Partisi

Ölüm


Nurettin Aktaş


Mahmut Durdu


Mehmet Sarı


Fatma Şahin


Kürşad Tüzmen


Ahmet Uzer


Abdülkadir Ateş

Cumhuriyet Halk Partisi


Mustafa Yılmaz


Ahmet Yılmazkaya





Giresun
Nurettin Canikli

Adalet ve Kalkınma Partisi


Hasan Aydın


Adem Tatlı


Ali Temür


Mehmet Işık

Cumhuriyet Halk Partisi





Gümüşhane
Sabri Varan

Adalet ve Kalkınma Partisi


Temel Yılmaz





Hakkâri
Fehmi Öztunç

Adalet ve Kalkınma Partisi


Mustafa Zeydan

Bağımsız

Adalet ve Kalkınma Partisi


Esat Canan

Cumhuriyet Halk Partisi

Bağımsız





Hatay
Sadullah Ergin

Adalet ve Kalkınma Partisi


Mehmet Eraslan



Bağımsız


Fuat Geçen

Bağımsız


Mehmet Soydan


İsmail Soylu


Züheyir Amber

Cumhuriyet Halk Partisi



Anavatan Partisi


İnal Batu

Doğru Yol Partisi


Fuat Çay


Gökhan Durgun


Abdulaziz Yazar





Iğdır
Dursun Akdemir

Bağımsız



Anavatan Partisi


Yücel Artantaş

Cumhuriyet Halk Partisi





Isparta
Mehmet Sait Armağan

Adalet ve Kalkınma Partisi



Anavatan Partisi


Erkan Mumcu

Anavatan Partisi


Mehmet Emin Murat Bilgiç


Recep Özel


Mevlüt Coşkuner

Cumhuriyet Halk Partisi





İstanbul
Abdülkadir Aksu

Adalet ve Kalkınma Partisi


Murat Başesgioğlu


Egemen Bağış


Nazım Ekren


Ekrem Erdem


Nevzat Yalçıntaş


İdris Naim Şahin


Mehmet Ali Şahin


Tayyar Altıkulaç


Mehmet Mustafa Açıkalın


Güldal Akşit


İlhan Albayrak


İsmet Atalay


Mehmet Sekmen


Mustafa Ataş


Azmi Ateş


Lokman Ayva


Mustafa Baş


Yahya Baş


Nusret Bayraktar


Hüseyin Besli


Alaattin Büyükkaya


Ali Coşkun


Nimet Baş


Mehmet Beyazıt Denizolgun


Gürsoy Erol


İrfan Gündüz


Gülseren Topuz


Kemal Unakıtan


Zeynep Karahan Uslu


İnci Özdemir


Hayati Yazıcı


Binali Yıldırım


Ali İbiş


İbrahim Reyhan Özal


Halide İncekara


Ünal Kacır


Hüseyin Kansu


Emin Şirin



Genç Parti


Cengiz Kaptanoğlu


Muharrem Karslı


Burhan Kuzu


Göksal Küçükali



Bağımsız


Recep Koral


Kemal Kılıçdaroğlu

Cumhuriyet Halk Partisi


Zülfü Livaneli



Bağımsız


Onur Öymen


Hasan Fehmi Güneş


Kemal Derviş



Milletvekilliğinden istifa


Yaşar Nuri Öztürk



Halkın Yükselişi Partisi


Şükrü Elekdağ


Hasan Aydın


Memduh Hacıoğlu



Bağımsız


Halil Akyüz


Ersin Arıoğlu


Zeynep Damla Gürel


Algan Hacaloğlu


Birgen Keleş


Ahmet Güryüz Ketenci



Sosyaldemokrat Halk Partisi


Ali Kemal Kumkumoğlu


Güldal Okuducu


Mehmet Sevigen


Ali Rıza Gülçiçek


Ahmet Sırrı Özbek


Mehmet Ali Özpolat


Sıdıka Sarıbekir


Berhan Şimşek


Bihlun Tamaylıgil


Bülent Hasan Tanla


Ali Topuz





İzmir
Mehmet Aydın

Adalet ve Kalkınma Partisi


Tevfik Ensari


Nükhet Hotar


Fazıl Karaman


İsmail Katmerci


Mehmet Sayım Tekelioğlu


Serpil Yıldız



Anavatan Partisi


Zekeriya Akçam


Erdal Karademir

Cumhuriyet Halk Partisi


Kemal Anadol


Hakkı Akalın



Bağımsız


Vezir Akdemir


Cânân Aritman


Ahmet Ersin


Abdurrezzak Erten


Bülent Baratalı


Ali Rıza Bodur


Yılmaz Kaya


Türkan Miçooğulları


Oğuz Oyan


Enver Öktem


Muharrem Toprak


Sedat Uzunbay


Hakkı Ülkü





Kahramanmaraş
Nevzat Pakdil

Adalet ve Kalkınma Partisi


Hanefi Mahçiçek


Avni Doğan


Fatih Arıkan


Mehmet Ali Bulut


Mehmet Yılmazcan


Ali Sezal


Mehmet Parlakyiğit

Cumhuriyet Halk Partisi





Karabük
Hasan Bilir

Adalet ve Kalkınma Partisi


Mehmet Ceylan


Ali Öğüten





Karaman
Mevlüt Akgün

Adalet ve Kalkınma Partisi


Yüksel Çavuşoğlu


Fikret Ünlü

Cumhuriyet Halk Partisi





Kars
Yusuf Selahattin Beyribey

Adalet ve Kalkınma Partisi


Zeki Karabayır


Selami Yiğit

Cumhuriyet Halk Partisi



Bağımsız





Kastamonu
Hakkı Köylü

Adalet ve Kalkınma Partisi


Sinan Özkan


Musa Sıvacıoğlu


Mehmet Yıldırım

Cumhuriyet Halk Partisi





Kayseri
Abdullah Gül

Adalet ve Kalkınma Partisi


Taner Yıldız


Mustafa Elitaş


Adem Baştürk


Mustafa Duru


Niyazi Özcan


Sadık Yakut


Muharrem Eskiyapan

Cumhuriyet Halk Partisi

Adalet ve Kalkınma Partisi





Kırıkkale
Vahit Erdem

Adalet ve Kalkınma Partisi


Ramazan Can


Murat Yılmazer


Halil Tiryaki

Cumhuriyet Halk Partisi





Kırklareli
Ahmet Gökhan Sarıçam

Adalet ve Kalkınma Partisi


Yavuz Altınorak

Cumhuriyet Halk Partisi


Mehmet Kesimoğlu





Kırşehir
Mikail Arslan

Adalet ve Kalkınma Partisi


Hacı Turan


Hüseyin Bayındır

Cumhuriyet Halk Partisi





Kilis
Hasan Kara

Adalet ve Kalkınma Partisi


Veli Kaya





Kocaeli
Nihat Ergün

Adalet ve Kalkınma Partisi


Osman Pepe


Vecdi Gönül


Eyüp Ayar


Muzaffer Baştopçu


Nevzat Doğan


Mehmet Sefa Sirmen

Cumhuriyet Halk Partisi


İzzet Çetin


Salih Gün





Konya
Hasan Angı

Adalet ve Kalkınma Partisi


Ahmet Büyükakkaşlar


Muharrem Candan


Remzi Çetin


Abdullah Çetinkaya


Orhan Erdem


Sami Güçlü


Ahmet Işık


Mehmet Kılıç


Özkan Öksüz


Kerim Özkul


Harun Tüfekci


Mustafa Ünaldı


Halil Ürün


Atilla Kart

Cumhuriyet Halk Partisi


Nezir Büyükcengiz

Ölüm





Kütahya
Soner Aksoy

Adalet ve Kalkınma Partisi


Abdullah Erdem Cantimur


Alaettin Güven


Hasan Fehmi Kinay


Hüsnü Ordu


Halil İbrahim Yılmaz

Ölüm





Malatya
Fuat Ölmeztoprak

Adalet ve Kalkınma Partisi


Ali Osman Başkurt


Ahmet Münir Erkal


Miraç Akdoğan



Anavatan Partisi


Süleyman Sarıbaş

Anavatan Partisi


Ferit Mevlüt Aslanoğlu

Cumhuriyet Halk Partisi


Muharrem Kılıç





Manisa
Bülent Arınç

Adalet ve Kalkınma Partisi


Hüseyin Tanrıverdi


İsmail Bilen


Mehmet Çerçi


Hakan Taşcı


Süleyman Turgut


Mustafa Erdoğan Yetenç

Cumhuriyet Halk Partisi


Nuri Çilingir


Hasan Ören


Ufuk Özkan





Mardin
Selahattin Cebeli

Adalet ve Kalkınma Partisi


Nihat Eri


Mehmet Beşir Hamidi


Mahmut Duyan

Cumhuriyet Halk Partisi


Muharrem Doğan



Anavatan Partisi


Süleyman Bölünmez

Bağımsız





Mersin
Dengir Mir Mehmet Fırat

Adalet ve Kalkınma Partisi


Saffet Benli


Ali Er


Mustafa Eyiceoğlu


Ömer İnan


Mustafa Özyürek

Cumhuriyet Halk Partisi


Ersoy Bulut



Bağımsız


Vahit Çekmez


Hüseyin Güler



Anavatan Partisi


Ali Oksal


Hüseyin Özcan



Anavatan Partisi


Şefik Zengin





Muğla
Hasan Özyer

Adalet ve Kalkınma Partisi



Anavatan Partisi


Orhan Seyfi Terzibaşıoğlu


Ali Arslan

Cumhuriyet Halk Partisi


Gürol Ergin


Fahrettin Üstün


Ali Cumhur Yaka





Muş
Seracettin Karayağız

Adalet ve Kalkınma Partisi


Sabahattin Yıldız


Medeni Yılmaz


Mehmet Şerif Ertuğrul

Cumhuriyet Halk Partisi





Nevşehir
Mehmet Elkatmış

Adalet ve Kalkınma Partisi


Rıtvan Köybaşı


Osman Seyfi





Niğde
Mahmut Uğur Çetin

Adalet ve Kalkınma Partisi


Erdoğan Özegen


Orhan Eraslan

Cumhuriyet Halk Partisi





Ordu
Eyüp Fatsa

Adalet ve Kalkınma Partisi


Hilmi Güler


Hamit Taşcı


Cemal Uysal


Enver Yılmaz


İdris Sami Tandoğdu

Cumhuriyet Halk Partisi


Kazım Türkmen





Osmaniye
Durdu Mehmet Kastal

Adalet ve Kalkınma Partisi


Mehmet Sarı


Şükrü Ünal


Necati Uzdil

Cumhuriyet Halk Partisi





Rize
İlyas Çakır

Adalet ve Kalkınma Partisi


Abdulkadir Kart


İmdat Sütlüoğlu






Sakarya
Erol Aslan Cebeci

Adalet ve Kalkınma Partisi


Hasan Ali Çelik


Şaban Dişli


Süleyman Gündüz


Ayhan Sefer Üstün


Recep Yıldırım





Samsun
Mustafa Demir

Adalet ve Kalkınma Partisi


Suat Kılıç


Mustafa Çakır


Cemal Yılmaz Demir


Musa Uzunkaya


Ahmet Yeni


Mehmet Kurt


Haluk Koç

Cumhuriyet Halk Partisi


İlyas Sezai Önder

Ölüm





Siirt
Recep Tayyip Erdoğan

Adalet ve Kalkınma Partisi


Öner Ergenç


Öner Gülyeşil





Sinop
Cahit Can

Adalet ve Kalkınma Partisi


Mustafa Öztürk


Engin Altay

Cumhuriyet Halk Partisi





Sivas
Abdüllatif Şener

Adalet ve Kalkınma Partisi


Selami Uzun


Osman Kılıç


Ömer Kulaksız


Orhan Taş


Nurettin Sözen

Cumhuriyet Halk Partisi





Şanlıurfa
Yahya Akman

Adalet ve Kalkınma Partisi


Mehmet Faruk Bayrak


Zülfükar İzol


Mahmut Kaplan


Mehmet Atilla Maraş


Mehmet Özlek


Müfit Yetkin


Mehmet Vedat Melik

Cumhuriyet Halk Partisi


Mahmut Yıldız


Turan Tüysüz



Anavatan Partisi


Sabahattin Cevheri

Bağımsız

Adalet ve Kalkınma Partisi





Şırnak
İbrahim Hakkı Birlik

Adalet ve Kalkınma Partisi


Abdullah Veli Seyda


Mehmet Tatar

Bağımsız

Doğru Yol Partisi





Tekirdağ
Tevfik Ziyaeddin Akbulut

Adalet ve Kalkınma Partisi


Ahmet Kambur


Erdoğan Kaplan

Cumhuriyet Halk Partisi


Mehmet Nuri Saygun


Enis Tütüncü





Tokat
Zeyid Aslan

Adalet ve Kalkınma Partisi


Şükrü Ayalan


İbrahim Çakmak


Mehmet Ergün Dağcıoğlu


Resul Tosun


Orhan Ziya Diren

Cumhuriyet Halk Partisi


Feramüz Şahin





Trabzon
Faruk Nafız Özak

Adalet ve Kalkınma Partisi


Asım Aykan


Mustafa Cumur


Ali Aydın Dumanoğlu


Cevdet Erdöl


Kemalettin Göktaş


Akif Hamzaçebi

Cumhuriyet Halk Partisi


Şevket Arz





Tunceli
Hasan Güyüldar

Cumhuriyet Halk Partisi


Vahdet Sinan Yerlikaya





Uşak
Alim Tunç

Adalet ve Kalkınma Partisi


Ahmet Çağlayan


Osman Coşkunoğlu

Cumhuriyet Halk Partisi





Van
Hüseyin Çelik

Adalet ve Kalkınma Partisi


Maliki Ejder Arvas


Haci Biner


Yekta Haydaroğlu


Cüneyit Karabıyık


Halil Kaya


Mehmet Kartal

Cumhuriyet Halk Partisi



Bağımsız





Yalova
Şükrü Önder

Adalet ve Kalkınma Partisi


Muharrem İnce

Cumhuriyet Halk Partisi





Yozgat
Bekir Bozdağ

Adalet ve Kalkınma Partisi


İlyas Arslan

Ölüm


Mehmet Çiçek


Mehmet Erdemir



Anavatan Partisi


Mehmet Yaşar Öztürk


Emin Koç

Cumhuriyet Halk Partisi





Zonguldak
Köksal Toptan

Adalet ve Kalkınma Partisi


Polat Türkmen


Fazlı Erdoğan


Harun Akın

Cumhuriyet Halk Partisi


Nadir Saraç

Kaynakça[değiştir | kaynağı değiştir]
Türkiye Büyük Millet Meclisi 22. Dönem Milletvekilleri Listesi5 Kasım 2007 tarihinde Wayback Machine sitesinde arşivlendi.


gtdTürkiye Büyük Millet Meclisi milletvekilleriYasama dönemleri
1
2
3
4
5
6
7
8
9
10
11
12
13
14
15
16
17
18
19
20
21
22
23
24
25
26
27
28
Cumhuriyet Senatosu
Seçilmiş senatörler
Kontenjan senatörleri
Tabii senatörler
Ara dönemler
Temsilciler Meclisi
Danışma Meclisi
İllerMevcut
Adana
Adıyaman
Afyonkarahisar
Ağrı
Aksaray
Amasya
Ankara
Antalya
Ardahan
Artvin
Aydın
Balıkesir
Bartın
Batman
Bayburt
Bilecik
Bingöl
Bitlis
Bolu
Burdur
Bursa
Çanakkale
Çankırı
Çorum
Denizli
Diyarbakır
Düzce
Edirne
Elâzığ
Erzincan
Erzurum
Eskişehir
Gaziantep
Giresun
Gümüşhane
Hakkâri
Hatay
Iğdır
Isparta
İstanbul
İzmir
Kahramanmaraş
Karabük
Karaman
Kars
Kastamonu
Kayseri
Kırıkkale
Kırklareli
Kırşehir
Kilis
Kocaeli
Konya
Kütahya
Malatya
Manisa
Mardin
Mersin
Muğla
Muş
Nevşehir
Niğde
Ordu
Osmaniye
Rize
Sakarya
Samsun
Siirt
Sinop
Sivas
Şanlıurfa
Şırnak
Tekirdağ
Tokat
Trabzon
Tunceli
Uşak
Van
Yalova
Yozgat
Zonguldak

Eski
Batum
Biga
Doğubayazıt
Ergani
Çatalca
Gelibolu
Genç
Kozan
Oltu
Silifke
Siverek
Şebinkarahisar
Diğer listeler
Azınlık milletvekilleri
İlk Türk kadın milletvekilleri
Cumhuriyet Senatosu başkanları
Türkiye Büyük Millet Meclisi başkanları

"https://tr.wikipedia.org/w/index.php?title=TBMM_22._dönem_milletvekilleri_listesi&oldid=33919059" sayfasından alınmıştır
Kategori: TBMM milletvekili listeleriTBMM 22. dönem milletvekilleri2002 Türkiye genel seçimleriGizli kategori: Webarşiv şablonu wayback bağlantıları






 Sayfa en son 09.55, 30 Eylül 2024 tarihinde değiştirildi.
Metin Creative Commons Atıf-AynıLisanslaPaylaş Lisansı altındadır ve ek koşullar uygulanabilir. Bu siteyi kullanarak Kullanım Şartlarını ve Gizlilik Politikasını kabul etmiş olursunuz.Vikipedi® (ve Wikipedia®) kâr amacı gütmeyen kuruluş olan Wikimedia Foundation, Inc. tescilli markasıdır.


Gizlilik politikası
Vikipedi hakkında
Sorumluluk reddi
Davranış Kuralları
Geliştiriciler
İstatistikler
Çerez politikası
Mobil görünüm














Ara













Ara









İçindekiler tablosunu değiştir







TBMM 22. dönem milletvekilleri listesi




























1 dil


Konu ekle

















2025-04-17 09:03:54,285 - INFO - Fetched member list for period 22, list is  
 ************ 
 



TBMM 22. dönem milletvekilleri listesi - Vikipedi




































İçeriğe atla







Ana menü





Ana menü
kenar çubuğuna taşı
gizle



		Gezinti
	


AnasayfaHakkımızdaİçindekilerRastgele maddeSeçkin içerikYakınımdakiler





		Katılım
	


Deneme tahtasıKöy çeşmesiSon değişikliklerDosya yükleTopluluk portaliWikimedia dükkânıYardımÖzel sayfalar



















Ara











Ara






















Görünüm
















Bağış yapın

Hesap oluştur

Oturum aç








Kişisel araçlar





Bağış yapın Hesap oluştur Oturum aç





		Çıkış yapmış editörler için sayfalar daha fazla bilgi



KatkılarMesaj




























İçindekiler
kenar çubuğuna taşı
gizle




Giriş





1
Sandalye dağılımı








2
Milletvekilleri








3
Kaynakça


















İçindekiler tablosunu değiştir







TBMM 22. dönem milletvekilleri listesi



1 dil




English

Bağlantıları değiştir











MaddeTartışma





Türkçe

















OkuDeğiştirKaynağı değiştirGeçmişi gör







Araçlar





Araçlar
kenar çubuğuna taşı
gizle



		Eylemler
	


OkuDeğiştirKaynağı değiştirGeçmişi gör





		Genel
	


Sayfaya bağlantılarİlgili değişikliklerKalıcı bağlantıSayfa bilgisiBu sayfayı kaynak gösterKısaltılmış URL'yi alKarekodu indir





		Yazdır/dışa aktar
	


Bir kitap oluşturPDF olarak indirBasılmaya uygun görünüm





		Diğer projelerde
	


Vikiveri ögesi





















Görünüm
kenar çubuğuna taşı
gizle










Vikipedi, özgür ansiklopedi


22. Dönem Milletvekili Dağılımı
TBMM 22. dönem milletvekilleri listesi, Türkiye Büyük Millet Meclisinin 22. döneminde (14 Kasım 2002 - 3 Haziran 2007) görev yapan, 2002'de seçilen, milletvekillerinin listesidir.

Sandalye dağılımı[değiştir | kaynağı değiştir]


Siyasi parti

Seçilen

Dönem sonu

Değişim



Adalet ve Kalkınma Partisi
363
354
 9



Cumhuriyet Halk Partisi
178
158
 20



Anavatan Partisi
0
19
 19



Doğru Yol Partisi
0
4
 4



Genç Parti
0
1
 1



Halkın Yükselişi Partisi
0
1
 1



Bağımsız
9
13
 4


Toplam
550
550


Milletvekilleri[değiştir | kaynağı değiştir]


Seçim Bölgesi
Milletvekili
Siyasi Parti
Değişiklik


Adana
Abdullah Çalışkan

Adalet ve Kalkınma Partisi


Ömer Çelik


Recep Garip


Ali Küçükaydın


Vahit Kirişci


Ayhan Zeynep Tekin Börü


Abdullah Torun


Ziyaettin Yağcı


Nevin Gaye Erbatur

Cumhuriyet Halk Partisi


Uğur Aksöz


Atilla Başoğlu

Adalet ve Kalkınma Partisi


Kemal Sağ


Tacidar Seyhan


Mehmet Ziya Yergök





Adıyaman
Mahmut Göksu

Adalet ve Kalkınma Partisi


Fehmi Hüsrev Kutlu


Mehmet Özyol


Ahmet Faruk Ünsal


Şevket Gürsoy

Cumhuriyet Halk Partisi

Adalet ve Kalkınma Partisi





Afyonkarahisar
Sait Açba

Adalet ve Kalkınma Partisi


İbrahim Hakkı Aşkar

Bağımsız


Halil Aydoğan


Ahmet Koca


Mahmut Koçak

Anavatan Partisi


Reyhan Tugay


Halil Ünlütepe

Cumhuriyet Halk Partisi





Ağrı
Mehmet Kerim Yıldız

Adalet ve Kalkınma Partisi


Mehmet Melik Özmen

Ölüm


Halil Özyolcu


Naci Aslan

Cumhuriyet Halk Partisi

Adalet ve Kalkınma Partisi


Cemal Kaya

Cumhuriyet Halk Partisi



Milletvekilliğinden istifa





Aksaray
Ruhi Açıkgöz

Adalet ve Kalkınma Partisi


Ali Rıza Alaboyun


Ramazan Toprak


Ahmet Yaşar





Amasya
Hamza Albayrak

Adalet ve Kalkınma Partisi



Anavatan Partisi


Akif Gülle


Mustafa Sayar

Cumhuriyet Halk Partisi

Bağımsız





Ankara
Cemil Çiçek

Adalet ve Kalkınma Partisi


Beşir Atalay


Ali Babacan


İsmail Alptekin


Reha Denemeç


Bülent Gedikli


Haluk İpek


Salih Kapusuz


Telat Karapınar


Faruk Koca


Ersönmez Yarbay


Mustafa Sait Yazıcıoğlu


Mehmet Zekai Özcan


Remziye Öztoprak


Eyyüp Sanay


Nur Doğan Topaloğlu


Mustafa Tuna


Önder Sav

Cumhuriyet Halk Partisi


Oya Araslı


Yılmaz Ateş


Eşref Erdem


Zekeriya Akıncı


Gülsün Bilgehan


Ahmet İsmet Çanakcı


İsmail Değerli


Bayram Meral


Yakup Kepenek


Mehmet Tomanbay


Muzaffer Remzi Kurtulmuşoğlu



Anavatan Partisi





Antalya
Mevlüt Çavuşoğlu

Adalet ve Kalkınma Partisi


Mehmet Dülger


Osman Akman


Fikret Badazlı


Burhan Kılıç


Deniz Baykal

Cumhuriyet Halk Partisi


Osman Kaptan


Feridun Fikret Baloğlu


Hüseyin Ekmekcioğlu


Atila Emek


Tuncay Ercenk


Nail Kamacı


Osman Özcan





Ardahan
Kenan Altun

Adalet ve Kalkınma Partisi


Ensar Öğüt

Cumhuriyet Halk Partisi





Artvin
Orhan Yıldız

Adalet ve Kalkınma Partisi


Yüksel Çorbacıoğlu

Cumhuriyet Halk Partisi





Aydın
Atilla Koç

Adalet ve Kalkınma Partisi


Ahmet Ertürk


Ahmet Rıza Acar


Semiha Öyüş


Özlem Çerçioğlu

Cumhuriyet Halk Partisi


Mehmet Boztaş


Mehmet Mesut Özakcan


Mehmet Semerci





Balıkesir
Turhan Çömez

Adalet ve Kalkınma Partisi


Ahmet Edip Uğur


Ali Aydınlıoğlu


İsmail Özgün


Ali Osman Sali


Ali Kemal Deveciler

Cumhuriyet Halk Partisi


Sedat Pekel


Orhan Sür





Bartın
Hacı İbrahim Kabarık

Adalet ve Kalkınma Partisi


Mehmet Asım Kulak





Batman
Afif Demirkıran

Adalet ve Kalkınma Partisi


Ahmet İnal


Memet Ali Suçin


Mehmet Nezir Nasıroğlu

Cumhuriyet Halk Partisi

Adalet ve Kalkınma Partisi





Bayburt
Fetani Battal

Adalet ve Kalkınma Partisi


Ülkü Güney

Bağımsız

Adalet ve Kalkınma Partisi





Bilecik
Fahrettin Poyraz

Adalet ve Kalkınma Partisi


Yaşar Tüzün

Cumhuriyet Halk Partisi





Bingöl
Abdurrahman Anık

Adalet ve Kalkınma Partisi


Feyzi Berdibek


Mahfuz Güler





Bitlis
Abdurrahim Aksoy

Adalet ve Kalkınma Partisi


Zeki Ergezen


Vahit Kiler


Edip Safder Gaydalı

Bağımsız





Bolu
Yüksel Coşkunyürek

Adalet ve Kalkınma Partisi


Mehmet Güner


Metin Yılmaz





Burdur
Mehmet Alp

Adalet ve Kalkınma Partisi


Bayram Özçelik


Ramazan Kerim Özkan

Cumhuriyet Halk Partisi





Bursa
Ertuğrul Yalçınbayır

Adalet ve Kalkınma Partisi


Faruk Çelik


Abdulmecit Alp


Faruk Anbarcıoğlu


Şerif Birinç


Mustafa Dündar


Zafer Hıdıroğlu


Mehmet Altan Karapaşaoğlu


Sedat Kızılcıklı


Şevket Orhan


Niyazi Pakyürek


Mehmet Emin Tutan


Mehmet Küçükaşık

Cumhuriyet Halk Partisi


Mustafa Özyurt


Kemal Demirel


Ali Dinçer

Ölüm





Çanakkale
Mehmet Daniş

Adalet ve Kalkınma Partisi


İbrahim Köşdere


Ahmet Küçük

Cumhuriyet Halk Partisi


İsmail Özay





Çankırı
Tevfik Akbak

Adalet ve Kalkınma Partisi


İsmail Ericekli


Hikmet Özdemir





Çorum
Agah Kafkas

Adalet ve Kalkınma Partisi


Ali Yüksel Kavuştu


Muzaffer Külcü


Murat Yıldırım


Feridun Ayvazoğlu

Cumhuriyet Halk Partisi





Denizli
Mehmet Salih Erdoğan

Adalet ve Kalkınma Partisi


Osman Nuri Filiz


Ümmet Kandoğan

Doğru Yol Partisi


Mehmet Yüksektepe


Mustafa Gazalcı

Cumhuriyet Halk Partisi


Mehmet Ugur Neşşar


Veli Haşim Oral





Diyarbakır
Aziz Akgül

Adalet ve Kalkınma Partisi


Mehmet İhsan Arslan


Osman Aslan


Mehdi Eker


Ali İhsan Merdanoğlu


Cavit Torun


Mehmet Fehmi Uyanık


İrfan Riza Yazıcıoğlu


Mesut Değer

Cumhuriyet Halk Partisi


Muhsin Koçyiğit



Anavatan Partisi





Düzce
Yaşar Yakış

Adalet ve Kalkınma Partisi


Fahri Çakır


Metin Kaşıkoğlu





Edirne
Rasim Çakır

Cumhuriyet Halk Partisi


Necdet Budak

Adalet ve Kalkınma Partisi


Nejat Gencan


Ali Ayağ

Adalet ve Kalkınma Partisi

Bağımsız





Elazığ
Mehmet Necati Çetinkaya

Adalet ve Kalkınma Partisi


Zülfü Demirbağ


Şemsettin Murat


Abdulbaki Türkoğlu


Mehmet Ağar

Bağımsız

Doğru Yol Partisi





Erzincan
Talip Kaban

Adalet ve Kalkınma Partisi


Tevhit Karakaya


Erol Tınastepe

Cumhuriyet Halk Partisi





Erzurum
Recep Akdağ

Adalet ve Kalkınma Partisi


Mustafa Nuri Akbulut


Mücahit Daloğlu


Muzaffer Gülyurt


Mustafa Ilıcalı


İbrahim Özdoğan



Anavatan Partisi


Ömer Özyılmaz





Eskişehir
Fahri Keskin

Adalet ve Kalkınma Partisi


Hasan Murat Mercan


Muharrem Tozçöken


Cevdet Selvi

Cumhuriyet Halk Partisi


Mehmet Ali Arıkan


Mehmet Vedat Yücesan





Gaziantep
Ömer Abuşoğlu

Adalet ve Kalkınma Partisi

Ölüm


Nurettin Aktaş


Mahmut Durdu


Mehmet Sarı


Fatma Şahin


Kürşad Tüzmen


Ahmet Uzer


Abdülkadir Ateş

Cumhuriyet Halk Partisi


Mustafa Yılmaz


Ahmet Yılmazkaya





Giresun
Nurettin Canikli

Adalet ve Kalkınma Partisi


Hasan Aydın


Adem Tatlı


Ali Temür


Mehmet Işık

Cumhuriyet Halk Partisi





Gümüşhane
Sabri Varan

Adalet ve Kalkınma Partisi


Temel Yılmaz





Hakkâri
Fehmi Öztunç

Adalet ve Kalkınma Partisi


Mustafa Zeydan

Bağımsız

Adalet ve Kalkınma Partisi


Esat Canan

Cumhuriyet Halk Partisi

Bağımsız





Hatay
Sadullah Ergin

Adalet ve Kalkınma Partisi


Mehmet Eraslan



Bağımsız


Fuat Geçen

Bağımsız


Mehmet Soydan


İsmail Soylu


Züheyir Amber

Cumhuriyet Halk Partisi



Anavatan Partisi


İnal Batu

Doğru Yol Partisi


Fuat Çay


Gökhan Durgun


Abdulaziz Yazar





Iğdır
Dursun Akdemir

Bağımsız



Anavatan Partisi


Yücel Artantaş

Cumhuriyet Halk Partisi





Isparta
Mehmet Sait Armağan

Adalet ve Kalkınma Partisi



Anavatan Partisi


Erkan Mumcu

Anavatan Partisi


Mehmet Emin Murat Bilgiç


Recep Özel


Mevlüt Coşkuner

Cumhuriyet Halk Partisi





İstanbul
Abdülkadir Aksu

Adalet ve Kalkınma Partisi


Murat Başesgioğlu


Egemen Bağış


Nazım Ekren


Ekrem Erdem


Nevzat Yalçıntaş


İdris Naim Şahin


Mehmet Ali Şahin


Tayyar Altıkulaç


Mehmet Mustafa Açıkalın


Güldal Akşit


İlhan Albayrak


İsmet Atalay


Mehmet Sekmen


Mustafa Ataş


Azmi Ateş


Lokman Ayva


Mustafa Baş


Yahya Baş


Nusret Bayraktar


Hüseyin Besli


Alaattin Büyükkaya


Ali Coşkun


Nimet Baş


Mehmet Beyazıt Denizolgun


Gürsoy Erol


İrfan Gündüz


Gülseren Topuz


Kemal Unakıtan


Zeynep Karahan Uslu


İnci Özdemir


Hayati Yazıcı


Binali Yıldırım


Ali İbiş


İbrahim Reyhan Özal


Halide İncekara


Ünal Kacır


Hüseyin Kansu


Emin Şirin



Genç Parti


Cengiz Kaptanoğlu


Muharrem Karslı


Burhan Kuzu


Göksal Küçükali



Bağımsız


Recep Koral


Kemal Kılıçdaroğlu

Cumhuriyet Halk Partisi


Zülfü Livaneli



Bağımsız


Onur Öymen


Hasan Fehmi Güneş


Kemal Derviş



Milletvekilliğinden istifa


Yaşar Nuri Öztürk



Halkın Yükselişi Partisi


Şükrü Elekdağ


Hasan Aydın


Memduh Hacıoğlu



Bağımsız


Halil Akyüz


Ersin Arıoğlu


Zeynep Damla Gürel


Algan Hacaloğlu


Birgen Keleş


Ahmet Güryüz Ketenci



Sosyaldemokrat Halk Partisi


Ali Kemal Kumkumoğlu


Güldal Okuducu


Mehmet Sevigen


Ali Rıza Gülçiçek


Ahmet Sırrı Özbek


Mehmet Ali Özpolat


Sıdıka Sarıbekir


Berhan Şimşek


Bihlun Tamaylıgil


Bülent Hasan Tanla


Ali Topuz





İzmir
Mehmet Aydın

Adalet ve Kalkınma Partisi


Tevfik Ensari


Nükhet Hotar


Fazıl Karaman


İsmail Katmerci


Mehmet Sayım Tekelioğlu


Serpil Yıldız



Anavatan Partisi


Zekeriya Akçam


Erdal Karademir

Cumhuriyet Halk Partisi


Kemal Anadol


Hakkı Akalın



Bağımsız


Vezir Akdemir


Cânân Aritman


Ahmet Ersin


Abdurrezzak Erten


Bülent Baratalı


Ali Rıza Bodur


Yılmaz Kaya


Türkan Miçooğulları


Oğuz Oyan


Enver Öktem


Muharrem Toprak


Sedat Uzunbay


Hakkı Ülkü





Kahramanmaraş
Nevzat Pakdil

Adalet ve Kalkınma Partisi


Hanefi Mahçiçek


Avni Doğan


Fatih Arıkan


Mehmet Ali Bulut


Mehmet Yılmazcan


Ali Sezal


Mehmet Parlakyiğit

Cumhuriyet Halk Partisi





Karabük
Hasan Bilir

Adalet ve Kalkınma Partisi


Mehmet Ceylan


Ali Öğüten





Karaman
Mevlüt Akgün

Adalet ve Kalkınma Partisi


Yüksel Çavuşoğlu


Fikret Ünlü

Cumhuriyet Halk Partisi





Kars
Yusuf Selahattin Beyribey

Adalet ve Kalkınma Partisi


Zeki Karabayır


Selami Yiğit

Cumhuriyet Halk Partisi



Bağımsız





Kastamonu
Hakkı Köylü

Adalet ve Kalkınma Partisi


Sinan Özkan


Musa Sıvacıoğlu


Mehmet Yıldırım

Cumhuriyet Halk Partisi





Kayseri
Abdullah Gül

Adalet ve Kalkınma Partisi


Taner Yıldız


Mustafa Elitaş


Adem Baştürk


Mustafa Duru


Niyazi Özcan


Sadık Yakut


Muharrem Eskiyapan

Cumhuriyet Halk Partisi

Adalet ve Kalkınma Partisi





Kırıkkale
Vahit Erdem

Adalet ve Kalkınma Partisi


Ramazan Can


Murat Yılmazer


Halil Tiryaki

Cumhuriyet Halk Partisi





Kırklareli
Ahmet Gökhan Sarıçam

Adalet ve Kalkınma Partisi


Yavuz Altınorak

Cumhuriyet Halk Partisi


Mehmet Kesimoğlu





Kırşehir
Mikail Arslan

Adalet ve Kalkınma Partisi


Hacı Turan


Hüseyin Bayındır

Cumhuriyet Halk Partisi





Kilis
Hasan Kara

Adalet ve Kalkınma Partisi


Veli Kaya





Kocaeli
Nihat Ergün

Adalet ve Kalkınma Partisi


Osman Pepe


Vecdi Gönül


Eyüp Ayar


Muzaffer Baştopçu


Nevzat Doğan


Mehmet Sefa Sirmen

Cumhuriyet Halk Partisi


İzzet Çetin


Salih Gün





Konya
Hasan Angı

Adalet ve Kalkınma Partisi


Ahmet Büyükakkaşlar


Muharrem Candan


Remzi Çetin


Abdullah Çetinkaya


Orhan Erdem


Sami Güçlü


Ahmet Işık


Mehmet Kılıç


Özkan Öksüz


Kerim Özkul


Harun Tüfekci


Mustafa Ünaldı


Halil Ürün


Atilla Kart

Cumhuriyet Halk Partisi


Nezir Büyükcengiz

Ölüm





Kütahya
Soner Aksoy

Adalet ve Kalkınma Partisi


Abdullah Erdem Cantimur


Alaettin Güven


Hasan Fehmi Kinay


Hüsnü Ordu


Halil İbrahim Yılmaz

Ölüm





Malatya
Fuat Ölmeztoprak

Adalet ve Kalkınma Partisi


Ali Osman Başkurt


Ahmet Münir Erkal


Miraç Akdoğan



Anavatan Partisi


Süleyman Sarıbaş

Anavatan Partisi


Ferit Mevlüt Aslanoğlu

Cumhuriyet Halk Partisi


Muharrem Kılıç





Manisa
Bülent Arınç

Adalet ve Kalkınma Partisi


Hüseyin Tanrıverdi


İsmail Bilen


Mehmet Çerçi


Hakan Taşcı


Süleyman Turgut


Mustafa Erdoğan Yetenç

Cumhuriyet Halk Partisi


Nuri Çilingir


Hasan Ören


Ufuk Özkan





Mardin
Selahattin Cebeli

Adalet ve Kalkınma Partisi


Nihat Eri


Mehmet Beşir Hamidi


Mahmut Duyan

Cumhuriyet Halk Partisi


Muharrem Doğan



Anavatan Partisi


Süleyman Bölünmez

Bağımsız





Mersin
Dengir Mir Mehmet Fırat

Adalet ve Kalkınma Partisi


Saffet Benli


Ali Er


Mustafa Eyiceoğlu


Ömer İnan


Mustafa Özyürek

Cumhuriyet Halk Partisi


Ersoy Bulut



Bağımsız


Vahit Çekmez


Hüseyin Güler



Anavatan Partisi


Ali Oksal


Hüseyin Özcan



Anavatan Partisi


Şefik Zengin





Muğla
Hasan Özyer

Adalet ve Kalkınma Partisi



Anavatan Partisi


Orhan Seyfi Terzibaşıoğlu


Ali Arslan

Cumhuriyet Halk Partisi


Gürol Ergin


Fahrettin Üstün


Ali Cumhur Yaka





Muş
Seracettin Karayağız

Adalet ve Kalkınma Partisi


Sabahattin Yıldız


Medeni Yılmaz


Mehmet Şerif Ertuğrul

Cumhuriyet Halk Partisi





Nevşehir
Mehmet Elkatmış

Adalet ve Kalkınma Partisi


Rıtvan Köybaşı


Osman Seyfi





Niğde
Mahmut Uğur Çetin

Adalet ve Kalkınma Partisi


Erdoğan Özegen


Orhan Eraslan

Cumhuriyet Halk Partisi





Ordu
Eyüp Fatsa

Adalet ve Kalkınma Partisi


Hilmi Güler


Hamit Taşcı


Cemal Uysal


Enver Yılmaz


İdris Sami Tandoğdu

Cumhuriyet Halk Partisi


Kazım Türkmen





Osmaniye
Durdu Mehmet Kastal

Adalet ve Kalkınma Partisi


Mehmet Sarı


Şükrü Ünal


Necati Uzdil

Cumhuriyet Halk Partisi





Rize
İlyas Çakır

Adalet ve Kalkınma Partisi


Abdulkadir Kart


İmdat Sütlüoğlu






Sakarya
Erol Aslan Cebeci

Adalet ve Kalkınma Partisi


Hasan Ali Çelik


Şaban Dişli


Süleyman Gündüz


Ayhan Sefer Üstün


Recep Yıldırım





Samsun
Mustafa Demir

Adalet ve Kalkınma Partisi


Suat Kılıç


Mustafa Çakır


Cemal Yılmaz Demir


Musa Uzunkaya


Ahmet Yeni


Mehmet Kurt


Haluk Koç

Cumhuriyet Halk Partisi


İlyas Sezai Önder

Ölüm





Siirt
Recep Tayyip Erdoğan

Adalet ve Kalkınma Partisi


Öner Ergenç


Öner Gülyeşil





Sinop
Cahit Can

Adalet ve Kalkınma Partisi


Mustafa Öztürk


Engin Altay

Cumhuriyet Halk Partisi





Sivas
Abdüllatif Şener

Adalet ve Kalkınma Partisi


Selami Uzun


Osman Kılıç


Ömer Kulaksız


Orhan Taş


Nurettin Sözen

Cumhuriyet Halk Partisi





Şanlıurfa
Yahya Akman

Adalet ve Kalkınma Partisi


Mehmet Faruk Bayrak


Zülfükar İzol


Mahmut Kaplan


Mehmet Atilla Maraş


Mehmet Özlek


Müfit Yetkin


Mehmet Vedat Melik

Cumhuriyet Halk Partisi


Mahmut Yıldız


Turan Tüysüz



Anavatan Partisi


Sabahattin Cevheri

Bağımsız

Adalet ve Kalkınma Partisi





Şırnak
İbrahim Hakkı Birlik

Adalet ve Kalkınma Partisi


Abdullah Veli Seyda


Mehmet Tatar

Bağımsız

Doğru Yol Partisi





Tekirdağ
Tevfik Ziyaeddin Akbulut

Adalet ve Kalkınma Partisi


Ahmet Kambur


Erdoğan Kaplan

Cumhuriyet Halk Partisi


Mehmet Nuri Saygun


Enis Tütüncü





Tokat
Zeyid Aslan

Adalet ve Kalkınma Partisi


Şükrü Ayalan


İbrahim Çakmak


Mehmet Ergün Dağcıoğlu


Resul Tosun


Orhan Ziya Diren

Cumhuriyet Halk Partisi


Feramüz Şahin





Trabzon
Faruk Nafız Özak

Adalet ve Kalkınma Partisi


Asım Aykan


Mustafa Cumur


Ali Aydın Dumanoğlu


Cevdet Erdöl


Kemalettin Göktaş


Akif Hamzaçebi

Cumhuriyet Halk Partisi


Şevket Arz





Tunceli
Hasan Güyüldar

Cumhuriyet Halk Partisi


Vahdet Sinan Yerlikaya





Uşak
Alim Tunç

Adalet ve Kalkınma Partisi


Ahmet Çağlayan


Osman Coşkunoğlu

Cumhuriyet Halk Partisi





Van
Hüseyin Çelik

Adalet ve Kalkınma Partisi


Maliki Ejder Arvas


Haci Biner


Yekta Haydaroğlu


Cüneyit Karabıyık


Halil Kaya


Mehmet Kartal

Cumhuriyet Halk Partisi



Bağımsız





Yalova
Şükrü Önder

Adalet ve Kalkınma Partisi


Muharrem İnce

Cumhuriyet Halk Partisi





Yozgat
Bekir Bozdağ

Adalet ve Kalkınma Partisi


İlyas Arslan

Ölüm


Mehmet Çiçek


Mehmet Erdemir



Anavatan Partisi


Mehmet Yaşar Öztürk


Emin Koç

Cumhuriyet Halk Partisi





Zonguldak
Köksal Toptan

Adalet ve Kalkınma Partisi


Polat Türkmen


Fazlı Erdoğan


Harun Akın

Cumhuriyet Halk Partisi


Nadir Saraç

Kaynakça[değiştir | kaynağı değiştir]
Türkiye Büyük Millet Meclisi 22. Dönem Milletvekilleri Listesi5 Kasım 2007 tarihinde Wayback Machine sitesinde arşivlendi.


gtdTürkiye Büyük Millet Meclisi milletvekilleriYasama dönemleri
1
2
3
4
5
6
7
8
9
10
11
12
13
14
15
16
17
18
19
20
21
22
23
24
25
26
27
28
Cumhuriyet Senatosu
Seçilmiş senatörler
Kontenjan senatörleri
Tabii senatörler
Ara dönemler
Temsilciler Meclisi
Danışma Meclisi
İllerMevcut
Adana
Adıyaman
Afyonkarahisar
Ağrı
Aksaray
Amasya
Ankara
Antalya
Ardahan
Artvin
Aydın
Balıkesir
Bartın
Batman
Bayburt
Bilecik
Bingöl
Bitlis
Bolu
Burdur
Bursa
Çanakkale
Çankırı
Çorum
Denizli
Diyarbakır
Düzce
Edirne
Elâzığ
Erzincan
Erzurum
Eskişehir
Gaziantep
Giresun
Gümüşhane
Hakkâri
Hatay
Iğdır
Isparta
İstanbul
İzmir
Kahramanmaraş
Karabük
Karaman
Kars
Kastamonu
Kayseri
Kırıkkale
Kırklareli
Kırşehir
Kilis
Kocaeli
Konya
Kütahya
Malatya
Manisa
Mardin
Mersin
Muğla
Muş
Nevşehir
Niğde
Ordu
Osmaniye
Rize
Sakarya
Samsun
Siirt
Sinop
Sivas
Şanlıurfa
Şırnak
Tekirdağ
Tokat
Trabzon
Tunceli
Uşak
Van
Yalova
Yozgat
Zonguldak

Eski
Batum
Biga
Doğubayazıt
Ergani
Çatalca
Gelibolu
Genç
Kozan
Oltu
Silifke
Siverek
Şebinkarahisar
Diğer listeler
Azınlık milletvekilleri
İlk Türk kadın milletvekilleri
Cumhuriyet Senatosu başkanları
Türkiye Büyük Millet Meclisi başkanları

"https://tr.wikipedia.org/w/index.php?title=TBMM_22._dönem_milletvekilleri_listesi&oldid=33919059" sayfasından alınmıştır
Kategori: TBMM milletvekili listeleriTBMM 22. dönem milletvekilleri2002 Türkiye genel seçimleriGizli kategori: Webarşiv şablonu wayback bağlantıları






 Sayfa en son 09.55, 30 Eylül 2024 tarihinde değiştirildi.
Metin Creative Commons Atıf-AynıLisanslaPaylaş Lisansı altındadır ve ek koşullar uygulanabilir. Bu siteyi kullanarak Kullanım Şartlarını ve Gizlilik Politikasını kabul etmiş olursunuz.Vikipedi® (ve Wikipedia®) kâr amacı gütmeyen kuruluş olan Wikimedia Foundation, Inc. tescilli markasıdır.


Gizlilik politikası
Vikipedi hakkında
Sorumluluk reddi
Davranış Kuralları
Geliştiriciler
İstatistikler
Çerez politikası
Mobil görünüm














Ara













Ara









İçindekiler tablosunu değiştir







TBMM 22. dönem milletvekilleri listesi




























1 dil


Konu ekle

















